{"/Users/jlin/WebstormProjects/autodms/core/index.ts": {"path":"/Users/jlin/WebstormProjects/autodms/core/index.ts","statementMap":{"0":{"start":{"line":7,"column":2},"end":{"line":9,"column":null}},"1":{"start":{"line":8,"column":4},"end":{"line":8,"column":null}},"2":{"start":{"line":10,"column":47},"end":{"line":10,"column":null}},"3":{"start":{"line":11,"column":2},"end":{"line":14,"column":null}},"4":{"start":{"line":13,"column":4},"end":{"line":13,"column":null}},"5":{"start":{"line":15,"column":2},"end":{"line":21,"column":null}},"6":{"start":{"line":17,"column":4},"end":{"line":20,"column":null}},"7":{"start":{"line":26,"column":2},"end":{"line":30,"column":null}},"8":{"start":{"line":27,"column":4},"end":{"line":27,"column":null}},"9":{"start":{"line":29,"column":4},"end":{"line":29,"column":null}}},"fnMap":{"0":{"name":"dmsScrape","decl":{"start":{"line":6,"column":22},"end":{"line":6,"column":32}},"loc":{"start":{"line":6,"column":74},"end":{"line":31,"column":null}},"line":6}},"branchMap":{"0":{"loc":{"start":{"line":6,"column":46},"end":{"line":6,"column":74}},"type":"default-arg","locations":[{"start":{"line":6,"column":68},"end":{"line":6,"column":74}}],"line":6},"1":{"loc":{"start":{"line":7,"column":2},"end":{"line":9,"column":null}},"type":"if","locations":[{"start":{"line":7,"column":2},"end":{"line":9,"column":null}},{"start":{},"end":{}}],"line":7},"2":{"loc":{"start":{"line":11,"column":2},"end":{"line":14,"column":null}},"type":"if","locations":[{"start":{"line":11,"column":2},"end":{"line":14,"column":null}},{"start":{},"end":{}}],"line":11},"3":{"loc":{"start":{"line":15,"column":2},"end":{"line":21,"column":null}},"type":"if","locations":[{"start":{"line":15,"column":2},"end":{"line":21,"column":null}},{"start":{},"end":{}}],"line":15},"4":{"loc":{"start":{"line":26,"column":2},"end":{"line":30,"column":null}},"type":"if","locations":[{"start":{"line":26,"column":2},"end":{"line":30,"column":null}},{"start":{"line":28,"column":9},"end":{"line":30,"column":null}}],"line":26}},"s":{"0":35,"1":13,"2":22,"3":22,"4":0,"5":22,"6":0,"7":22,"8":0,"9":22},"f":{"0":35},"b":{"0":[35],"1":[13,22],"2":[0,22],"3":[0,22],"4":[0,22]},"meta":{"lastBranch":5,"lastFunction":1,"lastStatement":10,"seen":{"f:6:22:6:32":0,"b:6:68:6:74":0,"b:7:2:9:Infinity:undefined:undefined:undefined:undefined":1,"s:7:2:9:Infinity":0,"s:8:4:8:Infinity":1,"s:10:47:10:Infinity":2,"b:11:2:14:Infinity:undefined:undefined:undefined:undefined":2,"s:11:2:14:Infinity":3,"s:13:4:13:Infinity":4,"b:15:2:21:Infinity:undefined:undefined:undefined:undefined":3,"s:15:2:21:Infinity":5,"s:17:4:20:Infinity":6,"b:26:2:30:Infinity:28:9:30:Infinity":4,"s:26:2:30:Infinity":7,"s:27:4:27:Infinity":8,"s:29:4:29:Infinity":9},"fnNames":{}}}
,"/Users/jlin/WebstormProjects/autodms/core/assets/bnext.html": {"path":"/Users/jlin/WebstormProjects/autodms/core/assets/bnext.html","statementMap":{},"fnMap":{},"branchMap":{},"s":{},"f":{},"b":{},"meta":{"lastBranch":0,"lastFunction":0,"lastStatement":0,"seen":{},"fnNames":{}}}
,"/Users/jlin/WebstormProjects/autodms/core/assets/chinatest.html": {"path":"/Users/jlin/WebstormProjects/autodms/core/assets/chinatest.html","statementMap":{},"fnMap":{},"branchMap":{},"s":{},"f":{},"b":{},"meta":{"lastBranch":0,"lastFunction":0,"lastStatement":0,"seen":{},"fnNames":{}}}
,"/Users/jlin/WebstormProjects/autodms/core/assets/compotech.html": {"path":"/Users/jlin/WebstormProjects/autodms/core/assets/compotech.html","statementMap":{},"fnMap":{},"branchMap":{},"s":{},"f":{},"b":{},"meta":{"lastBranch":0,"lastFunction":0,"lastStatement":0,"seen":{},"fnNames":{}}}
,"/Users/jlin/WebstormProjects/autodms/core/assets/ctee.html": {"path":"/Users/jlin/WebstormProjects/autodms/core/assets/ctee.html","statementMap":{},"fnMap":{},"branchMap":{},"s":{},"f":{},"b":{},"meta":{"lastBranch":0,"lastFunction":0,"lastStatement":0,"seen":{},"fnNames":{}}}
,"/Users/jlin/WebstormProjects/autodms/core/assets/digitimes1.html": {"path":"/Users/jlin/WebstormProjects/autodms/core/assets/digitimes1.html","statementMap":{},"fnMap":{},"branchMap":{},"s":{},"f":{},"b":{},"meta":{"lastBranch":0,"lastFunction":0,"lastStatement":0,"seen":{},"fnNames":{}}}
,"/Users/jlin/WebstormProjects/autodms/core/assets/digitimes3.html": {"path":"/Users/jlin/WebstormProjects/autodms/core/assets/digitimes3.html","statementMap":{},"fnMap":{},"branchMap":{},"s":{},"f":{},"b":{},"meta":{"lastBranch":0,"lastFunction":0,"lastStatement":0,"seen":{},"fnNames":{}}}
,"/Users/jlin/WebstormProjects/autodms/core/assets/digitimes4.html": {"path":"/Users/jlin/WebstormProjects/autodms/core/assets/digitimes4.html","statementMap":{},"fnMap":{},"branchMap":{},"s":{},"f":{},"b":{},"meta":{"lastBranch":0,"lastFunction":0,"lastStatement":0,"seen":{},"fnNames":{}}}
,"/Users/jlin/WebstormProjects/autodms/core/assets/investor.html": {"path":"/Users/jlin/WebstormProjects/autodms/core/assets/investor.html","statementMap":{},"fnMap":{},"branchMap":{},"s":{},"f":{},"b":{},"meta":{"lastBranch":0,"lastFunction":0,"lastStatement":0,"seen":{},"fnNames":{}}}
,"/Users/jlin/WebstormProjects/autodms/core/assets/nextapple.html": {"path":"/Users/jlin/WebstormProjects/autodms/core/assets/nextapple.html","statementMap":{},"fnMap":{},"branchMap":{},"s":{},"f":{},"b":{},"meta":{"lastBranch":0,"lastFunction":0,"lastStatement":0,"seen":{},"fnNames":{}}}
,"/Users/jlin/WebstormProjects/autodms/core/assets/saydigit.html": {"path":"/Users/jlin/WebstormProjects/autodms/core/assets/saydigit.html","statementMap":{},"fnMap":{},"branchMap":{},"s":{},"f":{},"b":{},"meta":{"lastBranch":0,"lastFunction":0,"lastStatement":0,"seen":{},"fnNames":{}}}
,"/Users/jlin/WebstormProjects/autodms/core/assets/setn.html": {"path":"/Users/jlin/WebstormProjects/autodms/core/assets/setn.html","statementMap":{},"fnMap":{},"branchMap":{},"s":{},"f":{},"b":{},"meta":{"lastBranch":0,"lastFunction":0,"lastStatement":0,"seen":{},"fnNames":{}}}
,"/Users/jlin/WebstormProjects/autodms/core/assets/techrange.html": {"path":"/Users/jlin/WebstormProjects/autodms/core/assets/techrange.html","statementMap":{},"fnMap":{},"branchMap":{},"s":{},"f":{},"b":{},"meta":{"lastBranch":0,"lastFunction":0,"lastStatement":0,"seen":{},"fnNames":{}}}
,"/Users/jlin/WebstormProjects/autodms/core/assets/wealth.html": {"path":"/Users/jlin/WebstormProjects/autodms/core/assets/wealth.html","statementMap":{},"fnMap":{},"branchMap":{},"s":{},"f":{},"b":{},"meta":{"lastBranch":0,"lastFunction":0,"lastStatement":0,"seen":{},"fnNames":{}}}
,"/Users/jlin/WebstormProjects/autodms/core/lib/checkLinkSupportStatus.ts": {"path":"/Users/jlin/WebstormProjects/autodms/core/lib/checkLinkSupportStatus.ts","statementMap":{"0":{"start":{"line":5,"column":29},"end":{"line":5,"column":null}},"1":{"start":{"line":6,"column":26},"end":{"line":6,"column":null}},"2":{"start":{"line":7,"column":2},"end":{"line":14,"column":null}},"3":{"start":{"line":8,"column":4},"end":{"line":13,"column":null}},"4":{"start":{"line":9,"column":6},"end":{"line":9,"column":null}},"5":{"start":{"line":10,"column":6},"end":{"line":10,"column":null}},"6":{"start":{"line":12,"column":6},"end":{"line":12,"column":null}},"7":{"start":{"line":15,"column":24},"end":{"line":22,"column":null}},"8":{"start":{"line":23,"column":2},"end":{"line":30,"column":null}},"9":{"start":{"line":24,"column":4},"end":{"line":29,"column":null}},"10":{"start":{"line":25,"column":6},"end":{"line":25,"column":null}},"11":{"start":{"line":26,"column":6},"end":{"line":26,"column":null}},"12":{"start":{"line":28,"column":6},"end":{"line":28,"column":null}},"13":{"start":{"line":32,"column":2},"end":{"line":35,"column":null}}},"fnMap":{"0":{"name":"checkLinkSupportStatus","decl":{"start":{"line":4,"column":16},"end":{"line":4,"column":39}},"loc":{"start":{"line":4,"column":72},"end":{"line":36,"column":null}},"line":4}},"branchMap":{"0":{"loc":{"start":{"line":8,"column":4},"end":{"line":13,"column":null}},"type":"if","locations":[{"start":{"line":8,"column":4},"end":{"line":13,"column":null}},{"start":{"line":11,"column":11},"end":{"line":13,"column":null}}],"line":8},"1":{"loc":{"start":{"line":24,"column":4},"end":{"line":29,"column":null}},"type":"if","locations":[{"start":{"line":24,"column":4},"end":{"line":29,"column":null}},{"start":{"line":27,"column":11},"end":{"line":29,"column":null}}],"line":24}},"s":{"0":22,"1":22,"2":22,"3":204,"4":22,"5":22,"6":182,"7":22,"8":22,"9":132,"10":0,"11":0,"12":132,"13":22},"f":{"0":22},"b":{"0":[22,182],"1":[0,132]},"meta":{"lastBranch":2,"lastFunction":1,"lastStatement":14,"seen":{"f:4:16:4:39":0,"s:5:29:5:Infinity":0,"s:6:26:6:Infinity":1,"s:7:2:14:Infinity":2,"b:8:4:13:Infinity:11:11:13:Infinity":0,"s:8:4:13:Infinity":3,"s:9:6:9:Infinity":4,"s:10:6:10:Infinity":5,"s:12:6:12:Infinity":6,"s:15:24:22:Infinity":7,"s:23:2:30:Infinity":8,"b:24:4:29:Infinity:27:11:29:Infinity":1,"s:24:4:29:Infinity":9,"s:25:6:25:Infinity":10,"s:26:6:26:Infinity":11,"s:28:6:28:Infinity":12,"s:32:2:35:Infinity":13},"fnNames":{}}}
,"/Users/jlin/WebstormProjects/autodms/core/lib/customErrors.ts": {"path":"/Users/jlin/WebstormProjects/autodms/core/lib/customErrors.ts","statementMap":{"0":{"start":{"line":4,"column":4},"end":{"line":4,"column":null}},"1":{"start":{"line":5,"column":4},"end":{"line":5,"column":null}},"2":{"start":{"line":6,"column":4},"end":{"line":6,"column":null}},"3":{"start":{"line":13,"column":4},"end":{"line":13,"column":null}},"4":{"start":{"line":14,"column":4},"end":{"line":14,"column":null}},"5":{"start":{"line":15,"column":4},"end":{"line":15,"column":null}}},"fnMap":{"0":{"name":"constructor","decl":{"start":{"line":3,"column":2},"end":{"line":3,"column":14}},"loc":{"start":{"line":3,"column":44},"end":{"line":7,"column":null}},"line":3},"1":{"name":"constructor_2","decl":{"start":{"line":12,"column":2},"end":{"line":12,"column":14}},"loc":{"start":{"line":12,"column":44},"end":{"line":16,"column":null}},"line":12}},"branchMap":{},"s":{"0":0,"1":0,"2":0,"3":0,"4":0,"5":0},"f":{"0":0,"1":0},"b":{},"meta":{"lastBranch":0,"lastFunction":2,"lastStatement":6,"seen":{"f:3:2:3:14":0,"s:4:4:4:Infinity":0,"s:5:4:5:Infinity":1,"s:6:4:6:Infinity":2,"f:12:2:12:14":1,"s:13:4:13:Infinity":3,"s:14:4:14:Infinity":4,"s:15:4:15:Infinity":5},"fnNames":{}}}
,"/Users/jlin/WebstormProjects/autodms/core/lib/determineCategory.mjs": {"path":"/Users/jlin/WebstormProjects/autodms/core/lib/determineCategory.mjs","statementMap":{"0":{"start":{"line":2,"column":2},"end":{"line":2,"column":null}},"1":{"start":{"line":2,"column":14},"end":{"line":2,"column":null}},"2":{"start":{"line":4,"column":24},"end":{"line":135,"column":3}},"3":{"start":{"line":137,"column":2},"end":{"line":141,"column":null}},"4":{"start":{"line":138,"column":4},"end":{"line":140,"column":null}},"5":{"start":{"line":138,"column":35},"end":{"line":138,"column":58}},"6":{"start":{"line":139,"column":6},"end":{"line":139,"column":null}},"7":{"start":{"line":143,"column":2},"end":{"line":143,"column":null}}},"fnMap":{"0":{"name":"determineCategory","decl":{"start":{"line":1,"column":16},"end":{"line":1,"column":33}},"loc":{"start":{"line":1,"column":41},"end":{"line":144,"column":null}},"line":1},"1":{"name":"(anonymous_1)","decl":{"start":{"line":138,"column":22},"end":{"line":138,"column":23}},"loc":{"start":{"line":138,"column":35},"end":{"line":138,"column":58}},"line":138}},"branchMap":{"0":{"loc":{"start":{"line":2,"column":2},"end":{"line":2,"column":null}},"type":"if","locations":[{"start":{"line":2,"column":2},"end":{"line":2,"column":null}},{"start":{},"end":{}}],"line":2},"1":{"loc":{"start":{"line":138,"column":4},"end":{"line":140,"column":null}},"type":"if","locations":[{"start":{"line":138,"column":4},"end":{"line":140,"column":null}},{"start":{},"end":{}}],"line":138}},"s":{"0":35,"1":9,"2":26,"3":26,"4":85,"5":1081,"6":23,"7":3},"f":{"0":35,"1":1081},"b":{"0":[9,26],"1":[23,62]},"meta":{"lastBranch":2,"lastFunction":2,"lastStatement":8,"seen":{"f:1:16:1:33":0,"b:2:2:2:Infinity:undefined:undefined:undefined:undefined":0,"s:2:2:2:Infinity":0,"s:2:14:2:Infinity":1,"s:4:24:135:3":2,"s:137:2:141:Infinity":3,"b:138:4:140:Infinity:undefined:undefined:undefined:undefined":1,"s:138:4:140:Infinity":4,"f:138:22:138:23":1,"s:138:35:138:58":5,"s:139:6:139:Infinity":6,"s:143:2:143:Infinity":7},"fnNames":{}}}
,"/Users/jlin/WebstormProjects/autodms/core/lib/filterContent.ts": {"path":"/Users/jlin/WebstormProjects/autodms/core/lib/filterContent.ts","statementMap":{"0":{"start":{"line":2,"column":39},"end":{"line":37,"column":null}},"1":{"start":{"line":39,"column":39},"end":{"line":63,"column":null}},"2":{"start":{"line":65,"column":37},"end":{"line":65,"column":null}},"3":{"start":{"line":71,"column":41},"end":{"line":74,"column":null}},"4":{"start":{"line":77,"column":24},"end":{"line":77,"column":null}},"5":{"start":{"line":79,"column":2},"end":{"line":96,"column":null}},"6":{"start":{"line":82,"column":6},"end":{"line":84,"column":null}},"7":{"start":{"line":83,"column":8},"end":{"line":83,"column":null}},"8":{"start":{"line":85,"column":6},"end":{"line":85,"column":null}},"9":{"start":{"line":89,"column":6},"end":{"line":94,"column":null}}},"fnMap":{"0":{"name":"filterContent","decl":{"start":{"line":1,"column":16},"end":{"line":1,"column":30}},"loc":{"start":{"line":1,"column":52},"end":{"line":97,"column":null}},"line":1},"1":{"name":"(anonymous_1)","decl":{"start":{"line":80,"column":5},"end":{"line":80,"column":10}},"loc":{"start":{"line":80,"column":34},"end":{"line":86,"column":5}},"line":80},"2":{"name":"(anonymous_2)","decl":{"start":{"line":87,"column":5},"end":{"line":87,"column":13}},"loc":{"start":{"line":87,"column":39},"end":{"line":96,"column":5}},"line":87}},"branchMap":{"0":{"loc":{"start":{"line":90,"column":8},"end":{"line":94,"column":null}},"type":"binary-expr","locations":[{"start":{"line":90,"column":8},"end":{"line":90,"column":null}},{"start":{"line":91,"column":8},"end":{"line":91,"column":null}},{"start":{"line":92,"column":8},"end":{"line":92,"column":null}},{"start":{"line":93,"column":8},"end":{"line":93,"column":null}},{"start":{"line":94,"column":8},"end":{"line":94,"column":null}}],"line":90}},"s":{"0":35,"1":35,"2":35,"3":35,"4":35,"5":35,"6":398,"7":796,"8":398,"9":398},"f":{"0":35,"1":398,"2":398},"b":{"0":[398,241,201,180,171]},"meta":{"lastBranch":1,"lastFunction":3,"lastStatement":10,"seen":{"f:1:16:1:30":0,"s:2:39:37:Infinity":0,"s:39:39:63:Infinity":1,"s:65:37:65:Infinity":2,"s:71:41:74:Infinity":3,"s:77:24:77:Infinity":4,"s:79:2:96:Infinity":5,"f:80:5:80:10":1,"s:82:6:84:Infinity":6,"s:83:8:83:Infinity":7,"s:85:6:85:Infinity":8,"f:87:5:87:13":2,"s:89:6:94:Infinity":9,"b:90:8:90:Infinity:91:8:91:Infinity:92:8:92:Infinity:93:8:93:Infinity:94:8:94:Infinity":0},"fnNames":{}}}
,"/Users/jlin/WebstormProjects/autodms/core/lib/processHTML.ts": {"path":"/Users/jlin/WebstormProjects/autodms/core/lib/processHTML.ts","statementMap":{"0":{"start":{"line":9,"column":2},"end":{"line":13,"column":null}},"1":{"start":{"line":10,"column":4},"end":{"line":12,"column":null}},"2":{"start":{"line":11,"column":6},"end":{"line":11,"column":null}},"3":{"start":{"line":14,"column":2},"end":{"line":14,"column":null}},"4":{"start":{"line":17,"column":16},"end":{"line":17,"column":null}},"5":{"start":{"line":18,"column":2},"end":{"line":18,"column":null}},"6":{"start":{"line":19,"column":25},"end":{"line":21,"column":null}},"7":{"start":{"line":22,"column":2},"end":{"line":22,"column":null}},"8":{"start":{"line":22,"column":36},"end":{"line":22,"column":48}},"9":{"start":{"line":23,"column":2},"end":{"line":23,"column":null}},"10":{"start":{"line":26,"column":6},"end":{"line":27,"column":null}},"11":{"start":{"line":27,"column":2},"end":{"line":27,"column":null}},"12":{"start":{"line":30,"column":19},"end":{"line":30,"column":null}},"13":{"start":{"line":31,"column":2},"end":{"line":50,"column":null}},"14":{"start":{"line":33,"column":4},"end":{"line":35,"column":null}},"15":{"start":{"line":34,"column":6},"end":{"line":34,"column":null}},"16":{"start":{"line":38,"column":14},"end":{"line":38,"column":null}},"17":{"start":{"line":41,"column":4},"end":{"line":41,"column":null}},"18":{"start":{"line":42,"column":4},"end":{"line":49,"column":null}},"19":{"start":{"line":43,"column":35},"end":{"line":43,"column":null}},"20":{"start":{"line":44,"column":6},"end":{"line":48,"column":null}},"21":{"start":{"line":45,"column":8},"end":{"line":45,"column":null}},"22":{"start":{"line":46,"column":8},"end":{"line":46,"column":null}},"23":{"start":{"line":47,"column":8},"end":{"line":47,"column":null}},"24":{"start":{"line":51,"column":2},"end":{"line":53,"column":null}},"25":{"start":{"line":52,"column":4},"end":{"line":52,"column":null}},"26":{"start":{"line":55,"column":26},"end":{"line":55,"column":null}},"27":{"start":{"line":57,"column":2},"end":{"line":84,"column":null}},"28":{"start":{"line":58,"column":4},"end":{"line":58,"column":null}},"29":{"start":{"line":60,"column":4},"end":{"line":62,"column":null}},"30":{"start":{"line":65,"column":4},"end":{"line":67,"column":null}},"31":{"start":{"line":69,"column":4},"end":{"line":69,"column":null}},"32":{"start":{"line":71,"column":4},"end":{"line":75,"column":null}},"33":{"start":{"line":77,"column":4},"end":{"line":77,"column":null}},"34":{"start":{"line":78,"column":4},"end":{"line":78,"column":null}},"35":{"start":{"line":80,"column":4},"end":{"line":83,"column":null}},"36":{"start":{"line":86,"column":2},"end":{"line":86,"column":null}}},"fnMap":{"0":{"name":"determineSource","decl":{"start":{"line":8,"column":9},"end":{"line":8,"column":25}},"loc":{"start":{"line":8,"column":66},"end":{"line":15,"column":null}},"line":8},"1":{"name":"filterHTML","decl":{"start":{"line":16,"column":9},"end":{"line":16,"column":20}},"loc":{"start":{"line":16,"column":30},"end":{"line":24,"column":null}},"line":16},"2":{"name":"(anonymous_2)","decl":{"start":{"line":22,"column":19},"end":{"line":22,"column":28}},"loc":{"start":{"line":22,"column":36},"end":{"line":22,"column":48}},"line":22},"3":{"name":"(anonymous_3)","decl":{"start":{"line":26,"column":6},"end":{"line":26,"column":22}},"loc":{"start":{"line":27,"column":2},"end":{"line":27,"column":null}},"line":27},"4":{"name":"processHTML","decl":{"start":{"line":29,"column":22},"end":{"line":29,"column":34}},"loc":{"start":{"line":29,"column":76},"end":{"line":87,"column":null}},"line":29},"5":{"name":"(anonymous_5)","decl":{"start":{"line":42,"column":16},"end":{"line":42,"column":28}},"loc":{"start":{"line":42,"column":28},"end":{"line":49,"column":5}},"line":42}},"branchMap":{"0":{"loc":{"start":{"line":10,"column":4},"end":{"line":12,"column":null}},"type":"if","locations":[{"start":{"line":10,"column":4},"end":{"line":12,"column":null}},{"start":{},"end":{}}],"line":10},"1":{"loc":{"start":{"line":27,"column":2},"end":{"line":27,"column":null}},"type":"cond-expr","locations":[{"start":{"line":27,"column":30},"end":{"line":27,"column":62}},{"start":{"line":27,"column":62},"end":{"line":27,"column":null}}],"line":27},"2":{"loc":{"start":{"line":29,"column":48},"end":{"line":29,"column":76}},"type":"default-arg","locations":[{"start":{"line":29,"column":70},"end":{"line":29,"column":76}}],"line":29},"3":{"loc":{"start":{"line":31,"column":2},"end":{"line":50,"column":null}},"type":"if","locations":[{"start":{"line":31,"column":2},"end":{"line":50,"column":null}},{"start":{},"end":{}}],"line":31},"4":{"loc":{"start":{"line":31,"column":6},"end":{"line":31,"column":21}},"type":"binary-expr","locations":[{"start":{"line":31,"column":6},"end":{"line":31,"column":14}},{"start":{"line":31,"column":14},"end":{"line":31,"column":21}}],"line":31},"5":{"loc":{"start":{"line":33,"column":4},"end":{"line":35,"column":null}},"type":"if","locations":[{"start":{"line":33,"column":4},"end":{"line":35,"column":null}},{"start":{},"end":{}}],"line":33},"6":{"loc":{"start":{"line":33,"column":8},"end":{"line":33,"column":62}},"type":"binary-expr","locations":[{"start":{"line":33,"column":8},"end":{"line":33,"column":38}},{"start":{"line":33,"column":38},"end":{"line":33,"column":62}}],"line":33},"7":{"loc":{"start":{"line":44,"column":6},"end":{"line":48,"column":null}},"type":"if","locations":[{"start":{"line":44,"column":6},"end":{"line":48,"column":null}},{"start":{},"end":{}}],"line":44},"8":{"loc":{"start":{"line":51,"column":2},"end":{"line":53,"column":null}},"type":"if","locations":[{"start":{"line":51,"column":2},"end":{"line":53,"column":null}},{"start":{},"end":{}}],"line":51},"9":{"loc":{"start":{"line":57,"column":2},"end":{"line":84,"column":null}},"type":"if","locations":[{"start":{"line":57,"column":2},"end":{"line":84,"column":null}},{"start":{"line":79,"column":9},"end":{"line":84,"column":null}}],"line":57},"10":{"loc":{"start":{"line":60,"column":32},"end":{"line":62,"column":null}},"type":"cond-expr","locations":[{"start":{"line":61,"column":8},"end":{"line":61,"column":null}},{"start":{"line":62,"column":8},"end":{"line":62,"column":null}}],"line":60},"11":{"loc":{"start":{"line":65,"column":31},"end":{"line":67,"column":null}},"type":"cond-expr","locations":[{"start":{"line":66,"column":8},"end":{"line":66,"column":null}},{"start":{"line":67,"column":8},"end":{"line":67,"column":null}}],"line":65},"12":{"loc":{"start":{"line":69,"column":29},"end":{"line":69,"column":null}},"type":"cond-expr","locations":[{"start":{"line":69,"column":54},"end":{"line":69,"column":93}},{"start":{"line":69,"column":93},"end":{"line":69,"column":null}}],"line":69},"13":{"loc":{"start":{"line":71,"column":30},"end":{"line":75,"column":null}},"type":"cond-expr","locations":[{"start":{"line":72,"column":8},"end":{"line":74,"column":null}},{"start":{"line":75,"column":8},"end":{"line":75,"column":null}}],"line":71}},"s":{"0":35,"1":486,"2":35,"3":0,"4":0,"5":0,"6":0,"7":0,"8":0,"9":0,"10":2,"11":75,"12":35,"13":35,"14":22,"15":0,"16":22,"17":22,"18":22,"19":13453,"20":13453,"21":11138,"22":11138,"23":11138,"24":35,"25":0,"26":35,"27":35,"28":35,"29":35,"30":35,"31":35,"32":35,"33":35,"34":35,"35":0,"36":35},"f":{"0":35,"1":0,"2":0,"3":75,"4":35,"5":13453},"b":{"0":[35,451],"1":[0,75],"2":[35],"3":[22,13],"4":[35,35],"5":[0,22],"6":[22,0],"7":[11138,2315],"8":[0,35],"9":[35,0],"10":[35,0],"11":[25,10],"12":[24,11],"13":[26,9]},"meta":{"lastBranch":14,"lastFunction":6,"lastStatement":37,"seen":{"f:8:9:8:25":0,"s:9:2:13:Infinity":0,"b:10:4:12:Infinity:undefined:undefined:undefined:undefined":0,"s:10:4:12:Infinity":1,"s:11:6:11:Infinity":2,"s:14:2:14:Infinity":3,"f:16:9:16:20":1,"s:17:16:17:Infinity":4,"s:18:2:18:Infinity":5,"s:19:25:21:Infinity":6,"s:22:2:22:Infinity":7,"f:22:19:22:28":2,"s:22:36:22:48":8,"s:23:2:23:Infinity":9,"s:26:6:27:Infinity":10,"f:26:6:26:22":3,"s:27:2:27:Infinity":11,"b:27:30:27:62:27:62:27:Infinity":1,"f:29:22:29:34":4,"b:29:70:29:76":2,"s:30:19:30:Infinity":12,"b:31:2:50:Infinity:undefined:undefined:undefined:undefined":3,"s:31:2:50:Infinity":13,"b:31:6:31:14:31:14:31:21":4,"b:33:4:35:Infinity:undefined:undefined:undefined:undefined":5,"s:33:4:35:Infinity":14,"b:33:8:33:38:33:38:33:62":6,"s:34:6:34:Infinity":15,"s:38:14:38:Infinity":16,"s:41:4:41:Infinity":17,"s:42:4:49:Infinity":18,"f:42:16:42:28":5,"s:43:35:43:Infinity":19,"b:44:6:48:Infinity:undefined:undefined:undefined:undefined":7,"s:44:6:48:Infinity":20,"s:45:8:45:Infinity":21,"s:46:8:46:Infinity":22,"s:47:8:47:Infinity":23,"b:51:2:53:Infinity:undefined:undefined:undefined:undefined":8,"s:51:2:53:Infinity":24,"s:52:4:52:Infinity":25,"s:55:26:55:Infinity":26,"b:57:2:84:Infinity:79:9:84:Infinity":9,"s:57:2:84:Infinity":27,"s:58:4:58:Infinity":28,"s:60:4:62:Infinity":29,"b:61:8:61:Infinity:62:8:62:Infinity":10,"s:65:4:67:Infinity":30,"b:66:8:66:Infinity:67:8:67:Infinity":11,"s:69:4:69:Infinity":31,"b:69:54:69:93:69:93:69:Infinity":12,"s:71:4:75:Infinity":32,"b:72:8:74:Infinity:75:8:75:Infinity":13,"s:77:4:77:Infinity":33,"s:78:4:78:Infinity":34,"s:80:4:83:Infinity":35,"s:86:2:86:Infinity":36},"fnNames":{}}}
,"/Users/jlin/WebstormProjects/autodms/core/sources/index.mjs": {"path":"/Users/jlin/WebstormProjects/autodms/core/sources/index.mjs","statementMap":{"0":{"start":{"line":46,"column":23},"end":{"line":92,"column":1}},"1":{"start":{"line":93,"column":26},"end":{"line":289,"column":null}},"2":{"start":{"line":105,"column":22},"end":{"line":105,"column":74}},"3":{"start":{"line":110,"column":19},"end":{"line":110,"column":57}},"4":{"start":{"line":126,"column":18},"end":{"line":126,"column":70}},"5":{"start":{"line":131,"column":19},"end":{"line":131,"column":null}},"6":{"start":{"line":136,"column":20},"end":{"line":139,"column":null}},"7":{"start":{"line":152,"column":18},"end":{"line":152,"column":60}},"8":{"start":{"line":157,"column":18},"end":{"line":157,"column":null}},"9":{"start":{"line":162,"column":19},"end":{"line":162,"column":null}},"10":{"start":{"line":175,"column":18},"end":{"line":175,"column":null}},"11":{"start":{"line":198,"column":18},"end":{"line":198,"column":null}},"12":{"start":{"line":208,"column":20},"end":{"line":208,"column":null}},"13":{"start":{"line":221,"column":18},"end":{"line":221,"column":null}},"14":{"start":{"line":226,"column":18},"end":{"line":226,"column":null}},"15":{"start":{"line":231,"column":20},"end":{"line":231,"column":null}},"16":{"start":{"line":244,"column":18},"end":{"line":244,"column":null}}},"fnMap":{"0":{"name":"(anonymous_0)","decl":{"start":{"line":105,"column":17},"end":{"line":105,"column":18}},"loc":{"start":{"line":105,"column":22},"end":{"line":105,"column":74}},"line":105},"1":{"name":"(anonymous_1)","decl":{"start":{"line":110,"column":13},"end":{"line":110,"column":15}},"loc":{"start":{"line":110,"column":19},"end":{"line":110,"column":57}},"line":110},"2":{"name":"(anonymous_2)","decl":{"start":{"line":126,"column":13},"end":{"line":126,"column":14}},"loc":{"start":{"line":126,"column":18},"end":{"line":126,"column":70}},"line":126},"3":{"name":"(anonymous_3)","decl":{"start":{"line":131,"column":13},"end":{"line":131,"column":14}},"loc":{"start":{"line":131,"column":19},"end":{"line":131,"column":null}},"line":131},"4":{"name":"(anonymous_4)","decl":{"start":{"line":136,"column":15},"end":{"line":136,"column":16}},"loc":{"start":{"line":136,"column":20},"end":{"line":139,"column":null}},"line":136},"5":{"name":"(anonymous_5)","decl":{"start":{"line":152,"column":13},"end":{"line":152,"column":14}},"loc":{"start":{"line":152,"column":18},"end":{"line":152,"column":60}},"line":152},"6":{"name":"(anonymous_6)","decl":{"start":{"line":157,"column":13},"end":{"line":157,"column":14}},"loc":{"start":{"line":157,"column":18},"end":{"line":157,"column":null}},"line":157},"7":{"name":"(anonymous_7)","decl":{"start":{"line":162,"column":15},"end":{"line":162,"column":16}},"loc":{"start":{"line":162,"column":19},"end":{"line":162,"column":null}},"line":162},"8":{"name":"(anonymous_8)","decl":{"start":{"line":175,"column":13},"end":{"line":175,"column":14}},"loc":{"start":{"line":175,"column":18},"end":{"line":175,"column":null}},"line":175},"9":{"name":"(anonymous_9)","decl":{"start":{"line":198,"column":13},"end":{"line":198,"column":14}},"loc":{"start":{"line":198,"column":18},"end":{"line":198,"column":null}},"line":198},"10":{"name":"(anonymous_10)","decl":{"start":{"line":208,"column":15},"end":{"line":208,"column":16}},"loc":{"start":{"line":208,"column":20},"end":{"line":208,"column":null}},"line":208},"11":{"name":"(anonymous_11)","decl":{"start":{"line":221,"column":13},"end":{"line":221,"column":14}},"loc":{"start":{"line":221,"column":18},"end":{"line":221,"column":null}},"line":221},"12":{"name":"(anonymous_12)","decl":{"start":{"line":226,"column":13},"end":{"line":226,"column":14}},"loc":{"start":{"line":226,"column":18},"end":{"line":226,"column":null}},"line":226},"13":{"name":"(anonymous_13)","decl":{"start":{"line":231,"column":15},"end":{"line":231,"column":16}},"loc":{"start":{"line":231,"column":20},"end":{"line":231,"column":null}},"line":231},"14":{"name":"(anonymous_14)","decl":{"start":{"line":244,"column":13},"end":{"line":244,"column":14}},"loc":{"start":{"line":244,"column":18},"end":{"line":244,"column":null}},"line":244}},"branchMap":{},"s":{"0":2,"1":2,"2":0,"3":0,"4":0,"5":0,"6":0,"7":0,"8":0,"9":0,"10":0,"11":0,"12":0,"13":0,"14":0,"15":0,"16":0},"f":{"0":0,"1":0,"2":0,"3":0,"4":0,"5":0,"6":0,"7":0,"8":0,"9":0,"10":0,"11":0,"12":0,"13":0,"14":0},"b":{},"meta":{"lastBranch":0,"lastFunction":15,"lastStatement":17,"seen":{"s:46:23:92:1":0,"s:93:26:289:Infinity":1,"f:105:17:105:18":0,"s:105:22:105:74":2,"f:110:13:110:15":1,"s:110:19:110:57":3,"f:126:13:126:14":2,"s:126:18:126:70":4,"f:131:13:131:14":3,"s:131:19:131:Infinity":5,"f:136:15:136:16":4,"s:136:20:139:Infinity":6,"f:152:13:152:14":5,"s:152:18:152:60":7,"f:157:13:157:14":6,"s:157:18:157:Infinity":8,"f:162:15:162:16":7,"s:162:19:162:Infinity":9,"f:175:13:175:14":8,"s:175:18:175:Infinity":10,"f:198:13:198:14":9,"s:198:18:198:Infinity":11,"f:208:15:208:16":10,"s:208:20:208:Infinity":12,"f:221:13:221:14":11,"s:221:18:221:Infinity":13,"f:226:13:226:14":12,"s:226:18:226:Infinity":14,"f:231:15:231:16":13,"s:231:20:231:Infinity":15,"f:244:13:244:14":14,"s:244:18:244:Infinity":16},"fnNames":{}}}
,"/Users/jlin/WebstormProjects/autodms/core/sources/T1/CTEE.mjs": {"path":"/Users/jlin/WebstormProjects/autodms/core/sources/T1/CTEE.mjs","statementMap":{"0":{"start":{"line":2,"column":15},"end":{"line":27,"column":4}},"1":{"start":{"line":3,"column":55},"end":{"line":3,"column":74}},"2":{"start":{"line":7,"column":21},"end":{"line":7,"column":53}},"3":{"start":{"line":8,"column":8},"end":{"line":8,"column":null}},"4":{"start":{"line":14,"column":21},"end":{"line":14,"column":40}},"5":{"start":{"line":21,"column":10},"end":{"line":23,"column":null}},"6":{"start":{"line":22,"column":12},"end":{"line":22,"column":null}},"7":{"start":{"line":28,"column":2},"end":{"line":28,"column":null}},"8":{"start":{"line":29,"column":2},"end":{"line":29,"column":null}}},"fnMap":{"0":{"name":"CTEE","decl":{"start":{"line":1,"column":16},"end":{"line":1,"column":20}},"loc":{"start":{"line":1,"column":24},"end":{"line":30,"column":null}},"line":1},"1":{"name":"(anonymous_1)","decl":{"start":{"line":3,"column":47},"end":{"line":3,"column":48}},"loc":{"start":{"line":3,"column":55},"end":{"line":3,"column":74}},"line":3},"2":{"name":"(anonymous_2)","decl":{"start":{"line":6,"column":13},"end":{"line":6,"column":14}},"loc":{"start":{"line":6,"column":26},"end":{"line":9,"column":7}},"line":6},"3":{"name":"(anonymous_3)","decl":{"start":{"line":14,"column":13},"end":{"line":14,"column":14}},"loc":{"start":{"line":14,"column":21},"end":{"line":14,"column":40}},"line":14},"4":{"name":"(anonymous_4)","decl":{"start":{"line":19,"column":15},"end":{"line":19,"column":16}},"loc":{"start":{"line":19,"column":28},"end":{"line":24,"column":9}},"line":19}},"branchMap":{"0":{"loc":{"start":{"line":21,"column":10},"end":{"line":23,"column":null}},"type":"if","locations":[{"start":{"line":21,"column":10},"end":{"line":23,"column":null}},{"start":{},"end":{}}],"line":21}},"s":{"0":1,"1":1,"2":1,"3":1,"4":1,"5":8,"6":5,"7":1,"8":1},"f":{"0":1,"1":1,"2":1,"3":1,"4":8},"b":{"0":[5,3]},"meta":{"lastBranch":1,"lastFunction":5,"lastStatement":9,"seen":{"f:1:16:1:20":0,"s:2:15:27:4":0,"f:3:47:3:48":1,"s:3:55:3:74":1,"f:6:13:6:14":2,"s:7:21:7:53":2,"s:8:8:8:Infinity":3,"f:14:13:14:14":3,"s:14:21:14:40":4,"f:19:15:19:16":4,"b:21:10:23:Infinity:undefined:undefined:undefined:undefined":0,"s:21:10:23:Infinity":5,"s:22:12:22:Infinity":6,"s:28:2:28:Infinity":7,"s:29:2:29:Infinity":8},"fnNames":{}}}
,"/Users/jlin/WebstormProjects/autodms/core/sources/T1/DIGITIMES.mjs": {"path":"/Users/jlin/WebstormProjects/autodms/core/sources/T1/DIGITIMES.mjs","statementMap":{"0":{"start":{"line":2,"column":15},"end":{"line":23,"column":4}},"1":{"start":{"line":7,"column":8},"end":{"line":9,"column":62}},"2":{"start":{"line":17,"column":10},"end":{"line":19,"column":null}},"3":{"start":{"line":18,"column":12},"end":{"line":18,"column":null}},"4":{"start":{"line":24,"column":2},"end":{"line":24,"column":null}},"5":{"start":{"line":25,"column":2},"end":{"line":25,"column":null}},"6":{"start":{"line":26,"column":2},"end":{"line":26,"column":null}}},"fnMap":{"0":{"name":"DIGITIMES","decl":{"start":{"line":1,"column":16},"end":{"line":1,"column":25}},"loc":{"start":{"line":1,"column":29},"end":{"line":27,"column":null}},"line":1},"1":{"name":"(anonymous_1)","decl":{"start":{"line":6,"column":13},"end":{"line":6,"column":14}},"loc":{"start":{"line":7,"column":8},"end":{"line":9,"column":62}},"line":7},"2":{"name":"(anonymous_2)","decl":{"start":{"line":15,"column":15},"end":{"line":15,"column":16}},"loc":{"start":{"line":15,"column":28},"end":{"line":20,"column":9}},"line":15}},"branchMap":{"0":{"loc":{"start":{"line":17,"column":10},"end":{"line":19,"column":null}},"type":"if","locations":[{"start":{"line":17,"column":10},"end":{"line":19,"column":null}},{"start":{},"end":{}}],"line":17}},"s":{"0":3,"1":3,"2":6,"3":2,"4":3,"5":3,"6":3},"f":{"0":3,"1":3,"2":6},"b":{"0":[2,4]},"meta":{"lastBranch":1,"lastFunction":3,"lastStatement":7,"seen":{"f:1:16:1:25":0,"s:2:15:23:4":0,"f:6:13:6:14":1,"s:7:8:9:62":1,"f:15:15:15:16":2,"b:17:10:19:Infinity:undefined:undefined:undefined:undefined":0,"s:17:10:19:Infinity":2,"s:18:12:18:Infinity":3,"s:24:2:24:Infinity":4,"s:25:2:25:Infinity":5,"s:26:2:26:Infinity":6},"fnNames":{}}}
,"/Users/jlin/WebstormProjects/autodms/core/sources/T1/UDNMoney.mjs": {"path":"/Users/jlin/WebstormProjects/autodms/core/sources/T1/UDNMoney.mjs","statementMap":{"0":{"start":{"line":2,"column":15},"end":{"line":27,"column":4}},"1":{"start":{"line":6,"column":21},"end":{"line":6,"column":67}},"2":{"start":{"line":12,"column":8},"end":{"line":14,"column":40}},"3":{"start":{"line":21,"column":10},"end":{"line":24,"column":35}},"4":{"start":{"line":28,"column":2},"end":{"line":28,"column":null}},"5":{"start":{"line":29,"column":2},"end":{"line":29,"column":null}}},"fnMap":{"0":{"name":"UDNMoney","decl":{"start":{"line":1,"column":16},"end":{"line":1,"column":24}},"loc":{"start":{"line":1,"column":28},"end":{"line":30,"column":null}},"line":1},"1":{"name":"(anonymous_1)","decl":{"start":{"line":6,"column":13},"end":{"line":6,"column":14}},"loc":{"start":{"line":6,"column":21},"end":{"line":6,"column":67}},"line":6},"2":{"name":"(anonymous_2)","decl":{"start":{"line":11,"column":13},"end":{"line":11,"column":14}},"loc":{"start":{"line":12,"column":8},"end":{"line":14,"column":40}},"line":12},"3":{"name":"(anonymous_3)","decl":{"start":{"line":20,"column":15},"end":{"line":20,"column":16}},"loc":{"start":{"line":21,"column":10},"end":{"line":24,"column":35}},"line":21}},"branchMap":{},"s":{"0":4,"1":0,"2":0,"3":0,"4":4,"5":4},"f":{"0":4,"1":0,"2":0,"3":0},"b":{},"meta":{"lastBranch":0,"lastFunction":4,"lastStatement":6,"seen":{"f:1:16:1:24":0,"s:2:15:27:4":0,"f:6:13:6:14":1,"s:6:21:6:67":1,"f:11:13:11:14":2,"s:12:8:14:40":2,"f:20:15:20:16":3,"s:21:10:24:35":3,"s:28:2:28:Infinity":4,"s:29:2:29:Infinity":5},"fnNames":{}}}
,"/Users/jlin/WebstormProjects/autodms/core/sources/T2/BSWEEKLY.mjs": {"path":"/Users/jlin/WebstormProjects/autodms/core/sources/T2/BSWEEKLY.mjs","statementMap":{"0":{"start":{"line":2,"column":15},"end":{"line":17,"column":4}},"1":{"start":{"line":6,"column":21},"end":{"line":6,"column":56}},"2":{"start":{"line":10,"column":21},"end":{"line":10,"column":40}},"3":{"start":{"line":18,"column":2},"end":{"line":18,"column":null}}},"fnMap":{"0":{"name":"BSWEEKLY","decl":{"start":{"line":1,"column":16},"end":{"line":1,"column":24}},"loc":{"start":{"line":1,"column":28},"end":{"line":19,"column":null}},"line":1},"1":{"name":"(anonymous_1)","decl":{"start":{"line":6,"column":13},"end":{"line":6,"column":14}},"loc":{"start":{"line":6,"column":21},"end":{"line":6,"column":56}},"line":6},"2":{"name":"(anonymous_2)","decl":{"start":{"line":10,"column":13},"end":{"line":10,"column":14}},"loc":{"start":{"line":10,"column":21},"end":{"line":10,"column":40}},"line":10}},"branchMap":{},"s":{"0":0,"1":0,"2":0,"3":0},"f":{"0":0,"1":0,"2":0},"b":{},"meta":{"lastBranch":0,"lastFunction":3,"lastStatement":4,"seen":{"f:1:16:1:24":0,"s:2:15:17:4":0,"f:6:13:6:14":1,"s:6:21:6:56":1,"f:10:13:10:14":2,"s:10:21:10:40":2,"s:18:2:18:Infinity":3},"fnNames":{}}}
,"/Users/jlin/WebstormProjects/autodms/core/sources/T2/CHINATIMES.mjs": {"path":"/Users/jlin/WebstormProjects/autodms/core/sources/T2/CHINATIMES.mjs","statementMap":{"0":{"start":{"line":21,"column":15},"end":{"line":40,"column":4}},"1":{"start":{"line":25,"column":21},"end":{"line":25,"column":53}},"2":{"start":{"line":28,"column":53},"end":{"line":28,"column":72}},"3":{"start":{"line":29,"column":53},"end":{"line":29,"column":72}},"4":{"start":{"line":34,"column":10},"end":{"line":36,"column":null}},"5":{"start":{"line":35,"column":12},"end":{"line":35,"column":null}},"6":{"start":{"line":41,"column":2},"end":{"line":41,"column":null}}},"fnMap":{"0":{"name":"CHINATIMES","decl":{"start":{"line":20,"column":16},"end":{"line":20,"column":26}},"loc":{"start":{"line":20,"column":30},"end":{"line":42,"column":null}},"line":20},"1":{"name":"(anonymous_1)","decl":{"start":{"line":25,"column":13},"end":{"line":25,"column":14}},"loc":{"start":{"line":25,"column":21},"end":{"line":25,"column":53}},"line":25},"2":{"name":"(anonymous_2)","decl":{"start":{"line":28,"column":45},"end":{"line":28,"column":46}},"loc":{"start":{"line":28,"column":53},"end":{"line":28,"column":72}},"line":28},"3":{"name":"(anonymous_3)","decl":{"start":{"line":29,"column":45},"end":{"line":29,"column":46}},"loc":{"start":{"line":29,"column":53},"end":{"line":29,"column":72}},"line":29},"4":{"name":"(anonymous_4)","decl":{"start":{"line":33,"column":15},"end":{"line":33,"column":16}},"loc":{"start":{"line":33,"column":23},"end":{"line":37,"column":9}},"line":33}},"branchMap":{"0":{"loc":{"start":{"line":34,"column":10},"end":{"line":36,"column":null}},"type":"if","locations":[{"start":{"line":34,"column":10},"end":{"line":36,"column":null}},{"start":{},"end":{}}],"line":34}},"s":{"0":1,"1":1,"2":1,"3":1,"4":5,"5":5,"6":1},"f":{"0":1,"1":1,"2":1,"3":1,"4":5},"b":{"0":[5,0]},"meta":{"lastBranch":1,"lastFunction":5,"lastStatement":7,"seen":{"f:20:16:20:26":0,"s:21:15:40:4":0,"f:25:13:25:14":1,"s:25:21:25:53":1,"f:28:45:28:46":2,"s:28:53:28:72":2,"f:29:45:29:46":3,"s:29:53:29:72":3,"f:33:15:33:16":4,"b:34:10:36:Infinity:undefined:undefined:undefined:undefined":0,"s:34:10:36:Infinity":4,"s:35:12:35:Infinity":5,"s:41:2:41:Infinity":6},"fnNames":{}}}
,"/Users/jlin/WebstormProjects/autodms/core/sources/T2/LTN3C.mjs": {"path":"/Users/jlin/WebstormProjects/autodms/core/sources/T2/LTN3C.mjs","statementMap":{"0":{"start":{"line":2,"column":15},"end":{"line":22,"column":4}},"1":{"start":{"line":7,"column":21},"end":{"line":7,"column":76}},"2":{"start":{"line":13,"column":21},"end":{"line":13,"column":62}},"3":{"start":{"line":23,"column":2},"end":{"line":23,"column":null}},"4":{"start":{"line":24,"column":2},"end":{"line":24,"column":null}}},"fnMap":{"0":{"name":"LTN3C","decl":{"start":{"line":1,"column":16},"end":{"line":1,"column":21}},"loc":{"start":{"line":1,"column":25},"end":{"line":25,"column":null}},"line":1},"1":{"name":"(anonymous_1)","decl":{"start":{"line":7,"column":15},"end":{"line":7,"column":17}},"loc":{"start":{"line":7,"column":21},"end":{"line":7,"column":76}},"line":7},"2":{"name":"(anonymous_2)","decl":{"start":{"line":13,"column":15},"end":{"line":13,"column":17}},"loc":{"start":{"line":13,"column":21},"end":{"line":13,"column":62}},"line":13}},"branchMap":{},"s":{"0":2,"1":2,"2":2,"3":2,"4":2},"f":{"0":2,"1":2,"2":2},"b":{},"meta":{"lastBranch":0,"lastFunction":3,"lastStatement":5,"seen":{"f:1:16:1:21":0,"s:2:15:22:4":0,"f:7:15:7:17":1,"s:7:21:7:76":1,"f:13:15:13:17":2,"s:13:21:13:62":2,"s:23:2:23:Infinity":3,"s:24:2:24:Infinity":4},"fnNames":{}}}
,"/Users/jlin/WebstormProjects/autodms/core/sources/T2/LTNEC.mjs": {"path":"/Users/jlin/WebstormProjects/autodms/core/sources/T2/LTNEC.mjs","statementMap":{"0":{"start":{"line":2,"column":15},"end":{"line":29,"column":4}},"1":{"start":{"line":7,"column":21},"end":{"line":7,"column":76}},"2":{"start":{"line":8,"column":8},"end":{"line":10,"column":null}},"3":{"start":{"line":9,"column":10},"end":{"line":9,"column":null}},"4":{"start":{"line":16,"column":20},"end":{"line":16,"column":null}},"5":{"start":{"line":23,"column":21},"end":{"line":26,"column":null}},"6":{"start":{"line":30,"column":2},"end":{"line":30,"column":null}},"7":{"start":{"line":31,"column":2},"end":{"line":31,"column":null}}},"fnMap":{"0":{"name":"LTNEC","decl":{"start":{"line":1,"column":16},"end":{"line":1,"column":21}},"loc":{"start":{"line":1,"column":25},"end":{"line":32,"column":null}},"line":1},"1":{"name":"(anonymous_1)","decl":{"start":{"line":6,"column":13},"end":{"line":6,"column":14}},"loc":{"start":{"line":6,"column":26},"end":{"line":11,"column":7}},"line":6},"2":{"name":"(anonymous_2)","decl":{"start":{"line":16,"column":13},"end":{"line":16,"column":15}},"loc":{"start":{"line":16,"column":20},"end":{"line":16,"column":null}},"line":16},"3":{"name":"(anonymous_3)","decl":{"start":{"line":23,"column":15},"end":{"line":23,"column":17}},"loc":{"start":{"line":23,"column":21},"end":{"line":26,"column":null}},"line":23}},"branchMap":{"0":{"loc":{"start":{"line":8,"column":8},"end":{"line":10,"column":null}},"type":"if","locations":[{"start":{"line":8,"column":8},"end":{"line":10,"column":null}},{"start":{},"end":{}}],"line":8}},"s":{"0":1,"1":1,"2":1,"3":0,"4":1,"5":13,"6":1,"7":1},"f":{"0":1,"1":1,"2":1,"3":13},"b":{"0":[0,1]},"meta":{"lastBranch":1,"lastFunction":4,"lastStatement":8,"seen":{"f:1:16:1:21":0,"s:2:15:29:4":0,"f:6:13:6:14":1,"s:7:21:7:76":1,"b:8:8:10:Infinity:undefined:undefined:undefined:undefined":0,"s:8:8:10:Infinity":2,"s:9:10:9:Infinity":3,"f:16:13:16:15":2,"s:16:20:16:Infinity":4,"f:23:15:23:17":3,"s:23:21:26:Infinity":5,"s:30:2:30:Infinity":6,"s:31:2:31:Infinity":7},"fnNames":{}}}
,"/Users/jlin/WebstormProjects/autodms/core/sources/T2/NXTAPPLE.mjs": {"path":"/Users/jlin/WebstormProjects/autodms/core/sources/T2/NXTAPPLE.mjs","statementMap":{"0":{"start":{"line":2,"column":15},"end":{"line":25,"column":4}},"1":{"start":{"line":7,"column":21},"end":{"line":7,"column":57}},"2":{"start":{"line":12,"column":21},"end":{"line":12,"column":40}},"3":{"start":{"line":19,"column":10},"end":{"line":21,"column":null}},"4":{"start":{"line":20,"column":12},"end":{"line":20,"column":null}},"5":{"start":{"line":26,"column":2},"end":{"line":26,"column":null}},"6":{"start":{"line":27,"column":2},"end":{"line":27,"column":null}}},"fnMap":{"0":{"name":"NXTAPPLE","decl":{"start":{"line":1,"column":16},"end":{"line":1,"column":24}},"loc":{"start":{"line":1,"column":28},"end":{"line":28,"column":null}},"line":1},"1":{"name":"(anonymous_1)","decl":{"start":{"line":7,"column":13},"end":{"line":7,"column":14}},"loc":{"start":{"line":7,"column":21},"end":{"line":7,"column":57}},"line":7},"2":{"name":"(anonymous_2)","decl":{"start":{"line":12,"column":13},"end":{"line":12,"column":14}},"loc":{"start":{"line":12,"column":21},"end":{"line":12,"column":40}},"line":12},"3":{"name":"(anonymous_3)","decl":{"start":{"line":18,"column":15},"end":{"line":18,"column":16}},"loc":{"start":{"line":18,"column":23},"end":{"line":22,"column":9}},"line":18}},"branchMap":{"0":{"loc":{"start":{"line":19,"column":10},"end":{"line":21,"column":null}},"type":"if","locations":[{"start":{"line":19,"column":10},"end":{"line":21,"column":null}},{"start":{},"end":{}}],"line":19}},"s":{"0":1,"1":1,"2":1,"3":9,"4":7,"5":1,"6":1},"f":{"0":1,"1":1,"2":1,"3":9},"b":{"0":[7,2]},"meta":{"lastBranch":1,"lastFunction":4,"lastStatement":7,"seen":{"f:1:16:1:24":0,"s:2:15:25:4":0,"f:7:13:7:14":1,"s:7:21:7:57":1,"f:12:13:12:14":2,"s:12:21:12:40":2,"f:18:15:18:16":3,"b:19:10:21:Infinity:undefined:undefined:undefined:undefined":0,"s:19:10:21:Infinity":3,"s:20:12:20:Infinity":4,"s:26:2:26:Infinity":5,"s:27:2:27:Infinity":6},"fnNames":{}}}
,"/Users/jlin/WebstormProjects/autodms/core/sources/T2/TECHUDN.mjs": {"path":"/Users/jlin/WebstormProjects/autodms/core/sources/T2/TECHUDN.mjs","statementMap":{"0":{"start":{"line":2,"column":18},"end":{"line":12,"column":null}},"1":{"start":{"line":4,"column":62},"end":{"line":4,"column":88}},"2":{"start":{"line":13,"column":4},"end":{"line":13,"column":null}},"3":{"start":{"line":14,"column":4},"end":{"line":14,"column":15}}},"fnMap":{"0":{"name":"TECHUDN","decl":{"start":{"line":1,"column":16},"end":{"line":1,"column":23}},"loc":{"start":{"line":1,"column":27},"end":{"line":15,"column":null}},"line":1},"1":{"name":"(anonymous_1)","decl":{"start":{"line":4,"column":54},"end":{"line":4,"column":55}},"loc":{"start":{"line":4,"column":62},"end":{"line":4,"column":88}},"line":4}},"branchMap":{},"s":{"0":0,"1":0,"2":0,"3":0},"f":{"0":0,"1":0},"b":{},"meta":{"lastBranch":0,"lastFunction":2,"lastStatement":4,"seen":{"f:1:16:1:23":0,"s:2:18:12:Infinity":0,"f:4:54:4:55":1,"s:4:62:4:88":1,"s:13:4:13:Infinity":2,"s:14:4:14:15":3},"fnNames":{}}}
,"/Users/jlin/WebstormProjects/autodms/core/sources/T2/UDN.mjs": {"path":"/Users/jlin/WebstormProjects/autodms/core/sources/T2/UDN.mjs","statementMap":{"0":{"start":{"line":2,"column":15},"end":{"line":16,"column":4}},"1":{"start":{"line":6,"column":21},"end":{"line":6,"column":67}},"2":{"start":{"line":13,"column":23},"end":{"line":13,"column":42}},"3":{"start":{"line":17,"column":2},"end":{"line":17,"column":null}},"4":{"start":{"line":18,"column":2},"end":{"line":18,"column":null}}},"fnMap":{"0":{"name":"UDN","decl":{"start":{"line":1,"column":16},"end":{"line":1,"column":19}},"loc":{"start":{"line":1,"column":23},"end":{"line":19,"column":null}},"line":1},"1":{"name":"(anonymous_1)","decl":{"start":{"line":6,"column":13},"end":{"line":6,"column":14}},"loc":{"start":{"line":6,"column":21},"end":{"line":6,"column":67}},"line":6},"2":{"name":"(anonymous_2)","decl":{"start":{"line":13,"column":15},"end":{"line":13,"column":16}},"loc":{"start":{"line":13,"column":23},"end":{"line":13,"column":42}},"line":13}},"branchMap":{},"s":{"0":1,"1":0,"2":0,"3":1,"4":1},"f":{"0":1,"1":0,"2":0},"b":{},"meta":{"lastBranch":0,"lastFunction":3,"lastStatement":5,"seen":{"f:1:16:1:19":0,"s:2:15:16:4":0,"f:6:13:6:14":1,"s:6:21:6:67":1,"f:13:15:13:16":2,"s:13:23:13:42":2,"s:17:2:17:Infinity":3,"s:18:2:18:Infinity":4},"fnNames":{}}}
,"/Users/jlin/WebstormProjects/autodms/core/sources/T3/CTS.mjs": {"path":"/Users/jlin/WebstormProjects/autodms/core/sources/T3/CTS.mjs","statementMap":{"0":{"start":{"line":2,"column":15},"end":{"line":22,"column":4}},"1":{"start":{"line":5,"column":21},"end":{"line":5,"column":66}},"2":{"start":{"line":9,"column":21},"end":{"line":9,"column":108}},"3":{"start":{"line":14,"column":27},"end":{"line":14,"column":null}},"4":{"start":{"line":19,"column":21},"end":{"line":19,"column":null}},"5":{"start":{"line":23,"column":2},"end":{"line":23,"column":null}},"6":{"start":{"line":24,"column":2},"end":{"line":24,"column":null}}},"fnMap":{"0":{"name":"CTS","decl":{"start":{"line":1,"column":16},"end":{"line":1,"column":19}},"loc":{"start":{"line":1,"column":23},"end":{"line":25,"column":null}},"line":1},"1":{"name":"(anonymous_1)","decl":{"start":{"line":5,"column":13},"end":{"line":5,"column":14}},"loc":{"start":{"line":5,"column":21},"end":{"line":5,"column":66}},"line":5},"2":{"name":"(anonymous_2)","decl":{"start":{"line":9,"column":13},"end":{"line":9,"column":14}},"loc":{"start":{"line":9,"column":21},"end":{"line":9,"column":108}},"line":9},"3":{"name":"(anonymous_3)","decl":{"start":{"line":14,"column":19},"end":{"line":14,"column":20}},"loc":{"start":{"line":14,"column":27},"end":{"line":14,"column":null}},"line":14},"4":{"name":"(anonymous_4)","decl":{"start":{"line":19,"column":13},"end":{"line":19,"column":14}},"loc":{"start":{"line":19,"column":21},"end":{"line":19,"column":null}},"line":19}},"branchMap":{"0":{"loc":{"start":{"line":14,"column":27},"end":{"line":14,"column":null}},"type":"cond-expr","locations":[{"start":{"line":14,"column":59},"end":{"line":14,"column":61}},{"start":{"line":14,"column":63},"end":{"line":14,"column":null}}],"line":14}},"s":{"0":0,"1":0,"2":0,"3":0,"4":0,"5":0,"6":0},"f":{"0":0,"1":0,"2":0,"3":0,"4":0},"b":{"0":[0,0]},"meta":{"lastBranch":1,"lastFunction":5,"lastStatement":7,"seen":{"f:1:16:1:19":0,"s:2:15:22:4":0,"f:5:13:5:14":1,"s:5:21:5:66":1,"f:9:13:9:14":2,"s:9:21:9:108":2,"f:14:19:14:20":3,"s:14:27:14:Infinity":3,"b:14:59:14:61:14:63:14:Infinity":0,"f:19:13:19:14":4,"s:19:21:19:Infinity":4,"s:23:2:23:Infinity":5,"s:24:2:24:Infinity":6},"fnNames":{}}}
,"/Users/jlin/WebstormProjects/autodms/core/sources/T3/CW.mjs": {"path":"/Users/jlin/WebstormProjects/autodms/core/sources/T3/CW.mjs","statementMap":{"0":{"start":{"line":2,"column":15},"end":{"line":18,"column":4}},"1":{"start":{"line":3,"column":47},"end":{"line":3,"column":73}},"2":{"start":{"line":6,"column":21},"end":{"line":6,"column":56}},"3":{"start":{"line":10,"column":21},"end":{"line":10,"column":40}},"4":{"start":{"line":15,"column":23},"end":{"line":15,"column":42}},"5":{"start":{"line":19,"column":2},"end":{"line":19,"column":null}},"6":{"start":{"line":20,"column":2},"end":{"line":20,"column":null}}},"fnMap":{"0":{"name":"CW","decl":{"start":{"line":1,"column":16},"end":{"line":1,"column":18}},"loc":{"start":{"line":1,"column":22},"end":{"line":22,"column":null}},"line":1},"1":{"name":"(anonymous_1)","decl":{"start":{"line":3,"column":39},"end":{"line":3,"column":40}},"loc":{"start":{"line":3,"column":47},"end":{"line":3,"column":73}},"line":3},"2":{"name":"(anonymous_2)","decl":{"start":{"line":6,"column":13},"end":{"line":6,"column":14}},"loc":{"start":{"line":6,"column":21},"end":{"line":6,"column":56}},"line":6},"3":{"name":"(anonymous_3)","decl":{"start":{"line":10,"column":13},"end":{"line":10,"column":14}},"loc":{"start":{"line":10,"column":21},"end":{"line":10,"column":40}},"line":10},"4":{"name":"(anonymous_4)","decl":{"start":{"line":15,"column":15},"end":{"line":15,"column":16}},"loc":{"start":{"line":15,"column":23},"end":{"line":15,"column":42}},"line":15}},"branchMap":{},"s":{"0":0,"1":0,"2":0,"3":0,"4":0,"5":0,"6":0},"f":{"0":0,"1":0,"2":0,"3":0,"4":0},"b":{},"meta":{"lastBranch":0,"lastFunction":5,"lastStatement":7,"seen":{"f:1:16:1:18":0,"s:2:15:18:4":0,"f:3:39:3:40":1,"s:3:47:3:73":1,"f:6:13:6:14":2,"s:6:21:6:56":2,"f:10:13:10:14":3,"s:10:21:10:40":3,"f:15:15:15:16":4,"s:15:23:15:42":4,"s:19:2:19:Infinity":5,"s:20:2:20:Infinity":6},"fnNames":{}}}
,"/Users/jlin/WebstormProjects/autodms/core/sources/T3/EBC.mjs": {"path":"/Users/jlin/WebstormProjects/autodms/core/sources/T3/EBC.mjs","statementMap":{"0":{"start":{"line":2,"column":17},"end":{"line":11,"column":null}},"1":{"start":{"line":5,"column":64},"end":{"line":5,"column":83}},"2":{"start":{"line":12,"column":4},"end":{"line":12,"column":null}}},"fnMap":{"0":{"name":"EBC","decl":{"start":{"line":1,"column":16},"end":{"line":1,"column":19}},"loc":{"start":{"line":1,"column":23},"end":{"line":13,"column":null}},"line":1},"1":{"name":"(anonymous_1)","decl":{"start":{"line":5,"column":56},"end":{"line":5,"column":57}},"loc":{"start":{"line":5,"column":64},"end":{"line":5,"column":83}},"line":5}},"branchMap":{},"s":{"0":0,"1":0,"2":0},"f":{"0":0,"1":0},"b":{},"meta":{"lastBranch":0,"lastFunction":2,"lastStatement":3,"seen":{"f:1:16:1:19":0,"s:2:17:11:Infinity":0,"f:5:56:5:57":1,"s:5:64:5:83":1,"s:12:4:12:Infinity":2},"fnNames":{}}}
,"/Users/jlin/WebstormProjects/autodms/core/sources/T3/FTV.mjs": {"path":"/Users/jlin/WebstormProjects/autodms/core/sources/T3/FTV.mjs","statementMap":{"0":{"start":{"line":2,"column":15},"end":{"line":25,"column":4}},"1":{"start":{"line":5,"column":21},"end":{"line":5,"column":66}},"2":{"start":{"line":9,"column":21},"end":{"line":9,"column":56}},"3":{"start":{"line":14,"column":8},"end":{"line":16,"column":14}},"4":{"start":{"line":21,"column":24},"end":{"line":21,"column":72}},"5":{"start":{"line":26,"column":2},"end":{"line":28,"column":null}},"6":{"start":{"line":27,"column":4},"end":{"line":27,"column":null}},"7":{"start":{"line":31,"column":2},"end":{"line":31,"column":null}},"8":{"start":{"line":32,"column":2},"end":{"line":32,"column":null}}},"fnMap":{"0":{"name":"FTV","decl":{"start":{"line":1,"column":16},"end":{"line":1,"column":19}},"loc":{"start":{"line":1,"column":23},"end":{"line":33,"column":null}},"line":1},"1":{"name":"(anonymous_1)","decl":{"start":{"line":5,"column":13},"end":{"line":5,"column":14}},"loc":{"start":{"line":5,"column":21},"end":{"line":5,"column":66}},"line":5},"2":{"name":"(anonymous_2)","decl":{"start":{"line":9,"column":13},"end":{"line":9,"column":14}},"loc":{"start":{"line":9,"column":21},"end":{"line":9,"column":56}},"line":9},"3":{"name":"(anonymous_3)","decl":{"start":{"line":13,"column":13},"end":{"line":13,"column":14}},"loc":{"start":{"line":14,"column":8},"end":{"line":16,"column":14}},"line":14},"4":{"name":"(anonymous_4)","decl":{"start":{"line":21,"column":15},"end":{"line":21,"column":16}},"loc":{"start":{"line":21,"column":24},"end":{"line":21,"column":72}},"line":21},"5":{"name":"(anonymous_5)","decl":{"start":{"line":26,"column":30},"end":{"line":26,"column":31}},"loc":{"start":{"line":26,"column":50},"end":{"line":28,"column":3}},"line":26}},"branchMap":{"0":{"loc":{"start":{"line":14,"column":8},"end":{"line":16,"column":14}},"type":"cond-expr","locations":[{"start":{"line":15,"column":12},"end":{"line":15,"column":null}},{"start":{"line":16,"column":12},"end":{"line":16,"column":14}}],"line":14},"1":{"loc":{"start":{"line":21,"column":24},"end":{"line":21,"column":72}},"type":"cond-expr","locations":[{"start":{"line":21,"column":55},"end":{"line":21,"column":67}},{"start":{"line":21,"column":70},"end":{"line":21,"column":72}}],"line":21}},"s":{"0":0,"1":0,"2":0,"3":0,"4":0,"5":0,"6":0,"7":0,"8":0},"f":{"0":0,"1":0,"2":0,"3":0,"4":0,"5":0},"b":{"0":[0,0],"1":[0,0]},"meta":{"lastBranch":2,"lastFunction":6,"lastStatement":9,"seen":{"f:1:16:1:19":0,"s:2:15:25:4":0,"f:5:13:5:14":1,"s:5:21:5:66":1,"f:9:13:9:14":2,"s:9:21:9:56":2,"f:13:13:13:14":3,"s:14:8:16:14":3,"b:15:12:15:Infinity:16:12:16:14":0,"f:21:15:21:16":4,"s:21:24:21:72":4,"b:21:55:21:67:21:70:21:72":1,"s:26:2:28:Infinity":5,"f:26:30:26:31":5,"s:27:4:27:Infinity":6,"s:31:2:31:Infinity":7,"s:32:2:32:Infinity":8},"fnNames":{}}}
,"/Users/jlin/WebstormProjects/autodms/core/sources/T3/SETN.mjs": {"path":"/Users/jlin/WebstormProjects/autodms/core/sources/T3/SETN.mjs","statementMap":{"0":{"start":{"line":2,"column":15},"end":{"line":22,"column":4}},"1":{"start":{"line":7,"column":21},"end":{"line":7,"column":56}},"2":{"start":{"line":13,"column":8},"end":{"line":20,"column":24}},"3":{"start":{"line":23,"column":2},"end":{"line":23,"column":null}},"4":{"start":{"line":24,"column":2},"end":{"line":24,"column":null}},"5":{"start":{"line":26,"column":2},"end":{"line":30,"column":null}},"6":{"start":{"line":29,"column":6},"end":{"line":29,"column":null}},"7":{"start":{"line":31,"column":2},"end":{"line":31,"column":null}}},"fnMap":{"0":{"name":"SETN","decl":{"start":{"line":1,"column":16},"end":{"line":1,"column":20}},"loc":{"start":{"line":1,"column":24},"end":{"line":32,"column":null}},"line":1},"1":{"name":"(anonymous_1)","decl":{"start":{"line":7,"column":13},"end":{"line":7,"column":14}},"loc":{"start":{"line":7,"column":21},"end":{"line":7,"column":56}},"line":7},"2":{"name":"(anonymous_2)","decl":{"start":{"line":12,"column":13},"end":{"line":12,"column":14}},"loc":{"start":{"line":13,"column":8},"end":{"line":20,"column":24}},"line":13},"3":{"name":"(anonymous_3)","decl":{"start":{"line":28,"column":10},"end":{"line":28,"column":18}},"loc":{"start":{"line":28,"column":22},"end":{"line":30,"column":5}},"line":28}},"branchMap":{"0":{"loc":{"start":{"line":13,"column":8},"end":{"line":20,"column":24}},"type":"cond-expr","locations":[{"start":{"line":16,"column":12},"end":{"line":19,"column":null}},{"start":{"line":20,"column":12},"end":{"line":20,"column":24}}],"line":13}},"s":{"0":2,"1":1,"2":2,"3":2,"4":2,"5":2,"6":12,"7":2},"f":{"0":2,"1":1,"2":2,"3":12},"b":{"0":[2,0]},"meta":{"lastBranch":1,"lastFunction":4,"lastStatement":8,"seen":{"f:1:16:1:20":0,"s:2:15:22:4":0,"f:7:13:7:14":1,"s:7:21:7:56":1,"f:12:13:12:14":2,"s:13:8:20:24":2,"b:16:12:19:Infinity:20:12:20:24":0,"s:23:2:23:Infinity":3,"s:24:2:24:Infinity":4,"s:26:2:30:Infinity":5,"f:28:10:28:18":3,"s:29:6:29:Infinity":6,"s:31:2:31:Infinity":7},"fnNames":{}}}
,"/Users/jlin/WebstormProjects/autodms/core/sources/T3/TVBS.mjs": {"path":"/Users/jlin/WebstormProjects/autodms/core/sources/T3/TVBS.mjs","statementMap":{"0":{"start":{"line":2,"column":15},"end":{"line":20,"column":4}},"1":{"start":{"line":5,"column":21},"end":{"line":5,"column":66}},"2":{"start":{"line":9,"column":21},"end":{"line":9,"column":56}},"3":{"start":{"line":17,"column":27},"end":{"line":17,"column":null}},"4":{"start":{"line":21,"column":2},"end":{"line":21,"column":null}},"5":{"start":{"line":22,"column":2},"end":{"line":22,"column":null}}},"fnMap":{"0":{"name":"TVBS","decl":{"start":{"line":1,"column":16},"end":{"line":1,"column":20}},"loc":{"start":{"line":1,"column":24},"end":{"line":23,"column":null}},"line":1},"1":{"name":"(anonymous_1)","decl":{"start":{"line":5,"column":13},"end":{"line":5,"column":14}},"loc":{"start":{"line":5,"column":21},"end":{"line":5,"column":66}},"line":5},"2":{"name":"(anonymous_2)","decl":{"start":{"line":9,"column":13},"end":{"line":9,"column":14}},"loc":{"start":{"line":9,"column":21},"end":{"line":9,"column":56}},"line":9},"3":{"name":"(anonymous_3)","decl":{"start":{"line":17,"column":19},"end":{"line":17,"column":20}},"loc":{"start":{"line":17,"column":27},"end":{"line":17,"column":null}},"line":17}},"branchMap":{},"s":{"0":0,"1":0,"2":0,"3":0,"4":0,"5":0},"f":{"0":0,"1":0,"2":0,"3":0},"b":{},"meta":{"lastBranch":0,"lastFunction":4,"lastStatement":6,"seen":{"f:1:16:1:20":0,"s:2:15:20:4":0,"f:5:13:5:14":1,"s:5:21:5:66":1,"f:9:13:9:14":2,"s:9:21:9:56":2,"f:17:19:17:20":3,"s:17:27:17:Infinity":3,"s:21:2:21:Infinity":4,"s:22:2:22:Infinity":5},"fnNames":{}}}
,"/Users/jlin/WebstormProjects/autodms/core/sources/T3/USTV.mjs": {"path":"/Users/jlin/WebstormProjects/autodms/core/sources/T3/USTV.mjs","statementMap":{"0":{"start":{"line":2,"column":15},"end":{"line":15,"column":4}},"1":{"start":{"line":5,"column":21},"end":{"line":5,"column":54}},"2":{"start":{"line":12,"column":23},"end":{"line":12,"column":49}},"3":{"start":{"line":16,"column":2},"end":{"line":16,"column":null}},"4":{"start":{"line":17,"column":2},"end":{"line":17,"column":null}}},"fnMap":{"0":{"name":"USTV","decl":{"start":{"line":1,"column":16},"end":{"line":1,"column":20}},"loc":{"start":{"line":1,"column":24},"end":{"line":18,"column":null}},"line":1},"1":{"name":"(anonymous_1)","decl":{"start":{"line":5,"column":13},"end":{"line":5,"column":14}},"loc":{"start":{"line":5,"column":21},"end":{"line":5,"column":54}},"line":5},"2":{"name":"(anonymous_2)","decl":{"start":{"line":12,"column":15},"end":{"line":12,"column":16}},"loc":{"start":{"line":12,"column":23},"end":{"line":12,"column":49}},"line":12}},"branchMap":{},"s":{"0":0,"1":0,"2":0,"3":0,"4":0},"f":{"0":0,"1":0,"2":0},"b":{},"meta":{"lastBranch":0,"lastFunction":3,"lastStatement":5,"seen":{"f:1:16:1:20":0,"s:2:15:15:4":0,"f:5:13:5:14":1,"s:5:21:5:54":1,"f:12:15:12:16":2,"s:12:23:12:49":2,"s:16:2:16:Infinity":3,"s:17:2:17:Infinity":4},"fnNames":{}}}
,"/Users/jlin/WebstormProjects/autodms/core/sources/T4/CNA.mjs": {"path":"/Users/jlin/WebstormProjects/autodms/core/sources/T4/CNA.mjs","statementMap":{"0":{"start":{"line":2,"column":15},"end":{"line":26,"column":4}},"1":{"start":{"line":8,"column":10},"end":{"line":8,"column":null}},"2":{"start":{"line":15,"column":8},"end":{"line":23,"column":null}},"3":{"start":{"line":16,"column":22},"end":{"line":16,"column":48}},"4":{"start":{"line":19,"column":10},"end":{"line":21,"column":null}},"5":{"start":{"line":27,"column":2},"end":{"line":29,"column":null}},"6":{"start":{"line":30,"column":2},"end":{"line":30,"column":null}},"7":{"start":{"line":31,"column":2},"end":{"line":31,"column":null}}},"fnMap":{"0":{"name":"CNA","decl":{"start":{"line":1,"column":16},"end":{"line":1,"column":19}},"loc":{"start":{"line":1,"column":23},"end":{"line":32,"column":null}},"line":1},"1":{"name":"(anonymous_1)","decl":{"start":{"line":7,"column":15},"end":{"line":7,"column":16}},"loc":{"start":{"line":7,"column":28},"end":{"line":9,"column":9}},"line":7},"2":{"name":"(anonymous_2)","decl":{"start":{"line":14,"column":13},"end":{"line":14,"column":14}},"loc":{"start":{"line":14,"column":26},"end":{"line":24,"column":7}},"line":14}},"branchMap":{"0":{"loc":{"start":{"line":15,"column":8},"end":{"line":23,"column":null}},"type":"if","locations":[{"start":{"line":15,"column":8},"end":{"line":23,"column":null}},{"start":{},"end":{}}],"line":15}},"s":{"0":0,"1":0,"2":0,"3":0,"4":0,"5":0,"6":0,"7":0},"f":{"0":0,"1":0,"2":0},"b":{"0":[0,0]},"meta":{"lastBranch":1,"lastFunction":3,"lastStatement":8,"seen":{"f:1:16:1:19":0,"s:2:15:26:4":0,"f:7:15:7:16":1,"s:8:10:8:Infinity":1,"f:14:13:14:14":2,"b:15:8:23:Infinity:undefined:undefined:undefined:undefined":0,"s:15:8:23:Infinity":2,"s:16:22:16:48":3,"s:19:10:21:Infinity":4,"s:27:2:29:Infinity":5,"s:30:2:30:Infinity":6,"s:31:2:31:Infinity":7},"fnNames":{}}}
,"/Users/jlin/WebstormProjects/autodms/core/sources/T4/ETDAY.mjs": {"path":"/Users/jlin/WebstormProjects/autodms/core/sources/T4/ETDAY.mjs","statementMap":{"0":{"start":{"line":2,"column":15},"end":{"line":20,"column":4}},"1":{"start":{"line":6,"column":19},"end":{"line":6,"column":null}},"2":{"start":{"line":11,"column":21},"end":{"line":11,"column":null}},"3":{"start":{"line":17,"column":21},"end":{"line":17,"column":null}},"4":{"start":{"line":21,"column":2},"end":{"line":21,"column":null}},"5":{"start":{"line":22,"column":2},"end":{"line":22,"column":null}}},"fnMap":{"0":{"name":"ETDAY","decl":{"start":{"line":1,"column":16},"end":{"line":1,"column":21}},"loc":{"start":{"line":1,"column":25},"end":{"line":23,"column":null}},"line":1},"1":{"name":"(anonymous_1)","decl":{"start":{"line":6,"column":13},"end":{"line":6,"column":15}},"loc":{"start":{"line":6,"column":19},"end":{"line":6,"column":null}},"line":6},"2":{"name":"(anonymous_2)","decl":{"start":{"line":11,"column":13},"end":{"line":11,"column":14}},"loc":{"start":{"line":11,"column":21},"end":{"line":11,"column":null}},"line":11},"3":{"name":"(anonymous_3)","decl":{"start":{"line":17,"column":15},"end":{"line":17,"column":17}},"loc":{"start":{"line":17,"column":21},"end":{"line":17,"column":null}},"line":17}},"branchMap":{},"s":{"0":1,"1":1,"2":1,"3":18,"4":1,"5":1},"f":{"0":1,"1":1,"2":1,"3":18},"b":{},"meta":{"lastBranch":0,"lastFunction":4,"lastStatement":6,"seen":{"f:1:16:1:21":0,"s:2:15:20:4":0,"f:6:13:6:15":1,"s:6:19:6:Infinity":1,"f:11:13:11:14":2,"s:11:21:11:Infinity":2,"f:17:15:17:17":3,"s:17:21:17:Infinity":3,"s:21:2:21:Infinity":4,"s:22:2:22:Infinity":5},"fnNames":{}}}
,"/Users/jlin/WebstormProjects/autodms/core/sources/T4/GVM.mjs": {"path":"/Users/jlin/WebstormProjects/autodms/core/sources/T4/GVM.mjs","statementMap":{"0":{"start":{"line":2,"column":15},"end":{"line":17,"column":4}},"1":{"start":{"line":3,"column":58},"end":{"line":3,"column":77}},"2":{"start":{"line":6,"column":21},"end":{"line":6,"column":41}},"3":{"start":{"line":10,"column":21},"end":{"line":10,"column":43}},"4":{"start":{"line":18,"column":2},"end":{"line":18,"column":null}},"5":{"start":{"line":19,"column":2},"end":{"line":19,"column":null}}},"fnMap":{"0":{"name":"GVM","decl":{"start":{"line":1,"column":16},"end":{"line":1,"column":19}},"loc":{"start":{"line":1,"column":23},"end":{"line":20,"column":null}},"line":1},"1":{"name":"(anonymous_1)","decl":{"start":{"line":3,"column":50},"end":{"line":3,"column":51}},"loc":{"start":{"line":3,"column":58},"end":{"line":3,"column":77}},"line":3},"2":{"name":"(anonymous_2)","decl":{"start":{"line":6,"column":13},"end":{"line":6,"column":14}},"loc":{"start":{"line":6,"column":21},"end":{"line":6,"column":41}},"line":6},"3":{"name":"(anonymous_3)","decl":{"start":{"line":10,"column":13},"end":{"line":10,"column":14}},"loc":{"start":{"line":10,"column":21},"end":{"line":10,"column":43}},"line":10}},"branchMap":{},"s":{"0":0,"1":0,"2":0,"3":0,"4":0,"5":0},"f":{"0":0,"1":0,"2":0,"3":0},"b":{},"meta":{"lastBranch":0,"lastFunction":4,"lastStatement":6,"seen":{"f:1:16:1:19":0,"s:2:15:17:4":0,"f:3:50:3:51":1,"s:3:58:3:77":1,"f:6:13:6:14":2,"s:6:21:6:41":2,"f:10:13:10:14":3,"s:10:21:10:43":3,"s:18:2:18:Infinity":4,"s:19:2:19:Infinity":5},"fnNames":{}}}
,"/Users/jlin/WebstormProjects/autodms/core/sources/T4/TAISOUNDS.mjs": {"path":"/Users/jlin/WebstormProjects/autodms/core/sources/T4/TAISOUNDS.mjs","statementMap":{"0":{"start":{"line":2,"column":15},"end":{"line":12,"column":4}},"1":{"start":{"line":6,"column":26},"end":{"line":6,"column":45}},"2":{"start":{"line":7,"column":8},"end":{"line":9,"column":null}},"3":{"start":{"line":8,"column":10},"end":{"line":8,"column":null}},"4":{"start":{"line":13,"column":2},"end":{"line":13,"column":null}},"5":{"start":{"line":14,"column":2},"end":{"line":14,"column":null}},"6":{"start":{"line":15,"column":2},"end":{"line":15,"column":null}},"7":{"start":{"line":16,"column":2},"end":{"line":22,"column":null}},"8":{"start":{"line":19,"column":22},"end":{"line":19,"column":43}},"9":{"start":{"line":22,"column":22},"end":{"line":22,"column":32}},"10":{"start":{"line":23,"column":2},"end":{"line":23,"column":null}}},"fnMap":{"0":{"name":"TAISOUNDS","decl":{"start":{"line":1,"column":16},"end":{"line":1,"column":25}},"loc":{"start":{"line":1,"column":29},"end":{"line":24,"column":null}},"line":1},"1":{"name":"(anonymous_1)","decl":{"start":{"line":5,"column":13},"end":{"line":5,"column":14}},"loc":{"start":{"line":5,"column":26},"end":{"line":10,"column":7}},"line":5},"2":{"name":"(anonymous_2)","decl":{"start":{"line":19,"column":12},"end":{"line":19,"column":13}},"loc":{"start":{"line":19,"column":22},"end":{"line":19,"column":43}},"line":19},"3":{"name":"(anonymous_3)","decl":{"start":{"line":22,"column":12},"end":{"line":22,"column":13}},"loc":{"start":{"line":22,"column":22},"end":{"line":22,"column":32}},"line":22}},"branchMap":{"0":{"loc":{"start":{"line":7,"column":8},"end":{"line":9,"column":null}},"type":"if","locations":[{"start":{"line":7,"column":8},"end":{"line":9,"column":null}},{"start":{},"end":{}}],"line":7}},"s":{"0":0,"1":0,"2":0,"3":0,"4":0,"5":0,"6":0,"7":0,"8":0,"9":0,"10":0},"f":{"0":0,"1":0,"2":0,"3":0},"b":{"0":[0,0]},"meta":{"lastBranch":1,"lastFunction":4,"lastStatement":11,"seen":{"f:1:16:1:25":0,"s:2:15:12:4":0,"f:5:13:5:14":1,"s:6:26:6:45":1,"b:7:8:9:Infinity:undefined:undefined:undefined:undefined":0,"s:7:8:9:Infinity":2,"s:8:10:8:Infinity":3,"s:13:2:13:Infinity":4,"s:14:2:14:Infinity":5,"s:15:2:15:Infinity":6,"s:16:2:22:Infinity":7,"f:19:12:19:13":2,"s:19:22:19:43":8,"f:22:12:22:13":3,"s:22:22:22:32":9,"s:23:2:23:Infinity":10},"fnNames":{}}}
,"/Users/jlin/WebstormProjects/autodms/core/sources/T5/AOTTER.mjs": {"path":"/Users/jlin/WebstormProjects/autodms/core/sources/T5/AOTTER.mjs","statementMap":{"0":{"start":{"line":2,"column":15},"end":{"line":22,"column":4}},"1":{"start":{"line":5,"column":21},"end":{"line":5,"column":40}},"2":{"start":{"line":9,"column":22},"end":{"line":9,"column":63}},"3":{"start":{"line":14,"column":21},"end":{"line":14,"column":53}},"4":{"start":{"line":19,"column":23},"end":{"line":19,"column":42}},"5":{"start":{"line":23,"column":2},"end":{"line":23,"column":null}},"6":{"start":{"line":24,"column":2},"end":{"line":24,"column":null}}},"fnMap":{"0":{"name":"AOTTER","decl":{"start":{"line":1,"column":16},"end":{"line":1,"column":22}},"loc":{"start":{"line":1,"column":26},"end":{"line":25,"column":null}},"line":1},"1":{"name":"(anonymous_1)","decl":{"start":{"line":5,"column":13},"end":{"line":5,"column":14}},"loc":{"start":{"line":5,"column":21},"end":{"line":5,"column":40}},"line":5},"2":{"name":"(anonymous_2)","decl":{"start":{"line":9,"column":13},"end":{"line":9,"column":14}},"loc":{"start":{"line":9,"column":22},"end":{"line":9,"column":63}},"line":9},"3":{"name":"(anonymous_3)","decl":{"start":{"line":14,"column":13},"end":{"line":14,"column":14}},"loc":{"start":{"line":14,"column":21},"end":{"line":14,"column":53}},"line":14},"4":{"name":"(anonymous_4)","decl":{"start":{"line":19,"column":15},"end":{"line":19,"column":16}},"loc":{"start":{"line":19,"column":23},"end":{"line":19,"column":42}},"line":19}},"branchMap":{"0":{"loc":{"start":{"line":9,"column":22},"end":{"line":9,"column":63}},"type":"cond-expr","locations":[{"start":{"line":9,"column":46},"end":{"line":9,"column":48}},{"start":{"line":9,"column":51},"end":{"line":9,"column":63}}],"line":9}},"s":{"0":0,"1":0,"2":0,"3":0,"4":0,"5":0,"6":0},"f":{"0":0,"1":0,"2":0,"3":0,"4":0},"b":{"0":[0,0]},"meta":{"lastBranch":1,"lastFunction":5,"lastStatement":7,"seen":{"f:1:16:1:22":0,"s:2:15:22:4":0,"f:5:13:5:14":1,"s:5:21:5:40":1,"f:9:13:9:14":2,"s:9:22:9:63":2,"b:9:46:9:48:9:51:9:63":0,"f:14:13:14:14":3,"s:14:21:14:53":3,"f:19:15:19:16":4,"s:19:23:19:42":4,"s:23:2:23:Infinity":5,"s:24:2:24:Infinity":6},"fnNames":{}}}
,"/Users/jlin/WebstormProjects/autodms/core/sources/T5/BNEXT.mjs": {"path":"/Users/jlin/WebstormProjects/autodms/core/sources/T5/BNEXT.mjs","statementMap":{"0":{"start":{"line":2,"column":15},"end":{"line":12,"column":4}},"1":{"start":{"line":3,"column":66},"end":{"line":3,"column":87}},"2":{"start":{"line":6,"column":21},"end":{"line":6,"column":56}},"3":{"start":{"line":13,"column":2},"end":{"line":13,"column":null}},"4":{"start":{"line":14,"column":2},"end":{"line":14,"column":null}}},"fnMap":{"0":{"name":"BNEXT","decl":{"start":{"line":1,"column":16},"end":{"line":1,"column":21}},"loc":{"start":{"line":1,"column":25},"end":{"line":16,"column":null}},"line":1},"1":{"name":"(anonymous_1)","decl":{"start":{"line":3,"column":58},"end":{"line":3,"column":59}},"loc":{"start":{"line":3,"column":66},"end":{"line":3,"column":87}},"line":3},"2":{"name":"(anonymous_2)","decl":{"start":{"line":6,"column":13},"end":{"line":6,"column":14}},"loc":{"start":{"line":6,"column":21},"end":{"line":6,"column":56}},"line":6}},"branchMap":{},"s":{"0":1,"1":1,"2":1,"3":1,"4":1},"f":{"0":1,"1":1,"2":1},"b":{},"meta":{"lastBranch":0,"lastFunction":3,"lastStatement":5,"seen":{"f:1:16:1:21":0,"s:2:15:12:4":0,"f:3:58:3:59":1,"s:3:66:3:87":1,"f:6:13:6:14":2,"s:6:21:6:56":2,"s:13:2:13:Infinity":3,"s:14:2:14:Infinity":4},"fnNames":{}}}
,"/Users/jlin/WebstormProjects/autodms/core/sources/T5/CM.mjs": {"path":"/Users/jlin/WebstormProjects/autodms/core/sources/T5/CM.mjs","statementMap":{"0":{"start":{"line":2,"column":15},"end":{"line":14,"column":4}},"1":{"start":{"line":5,"column":21},"end":{"line":5,"column":55}},"2":{"start":{"line":15,"column":2},"end":{"line":15,"column":null}},"3":{"start":{"line":16,"column":2},"end":{"line":16,"column":null}}},"fnMap":{"0":{"name":"CM","decl":{"start":{"line":1,"column":16},"end":{"line":1,"column":18}},"loc":{"start":{"line":1,"column":22},"end":{"line":17,"column":null}},"line":1},"1":{"name":"(anonymous_1)","decl":{"start":{"line":5,"column":13},"end":{"line":5,"column":14}},"loc":{"start":{"line":5,"column":21},"end":{"line":5,"column":55}},"line":5}},"branchMap":{},"s":{"0":0,"1":0,"2":0,"3":0},"f":{"0":0,"1":0},"b":{},"meta":{"lastBranch":0,"lastFunction":2,"lastStatement":4,"seen":{"f:1:16:1:18":0,"s:2:15:14:4":0,"f:5:13:5:14":1,"s:5:21:5:55":1,"s:15:2:15:Infinity":2,"s:16:2:16:Infinity":3},"fnNames":{}}}
,"/Users/jlin/WebstormProjects/autodms/core/sources/T5/CNYES.mjs": {"path":"/Users/jlin/WebstormProjects/autodms/core/sources/T5/CNYES.mjs","statementMap":{"0":{"start":{"line":2,"column":15},"end":{"line":20,"column":4}},"1":{"start":{"line":3,"column":47},"end":{"line":3,"column":80}},"2":{"start":{"line":6,"column":21},"end":{"line":6,"column":62}},"3":{"start":{"line":11,"column":21},"end":{"line":11,"column":106}},"4":{"start":{"line":17,"column":23},"end":{"line":17,"column":42}},"5":{"start":{"line":21,"column":2},"end":{"line":21,"column":null}},"6":{"start":{"line":22,"column":2},"end":{"line":22,"column":null}}},"fnMap":{"0":{"name":"CNYES","decl":{"start":{"line":1,"column":16},"end":{"line":1,"column":21}},"loc":{"start":{"line":1,"column":25},"end":{"line":23,"column":null}},"line":1},"1":{"name":"(anonymous_1)","decl":{"start":{"line":3,"column":39},"end":{"line":3,"column":40}},"loc":{"start":{"line":3,"column":47},"end":{"line":3,"column":80}},"line":3},"2":{"name":"(anonymous_2)","decl":{"start":{"line":6,"column":13},"end":{"line":6,"column":14}},"loc":{"start":{"line":6,"column":21},"end":{"line":6,"column":62}},"line":6},"3":{"name":"(anonymous_3)","decl":{"start":{"line":11,"column":13},"end":{"line":11,"column":14}},"loc":{"start":{"line":11,"column":21},"end":{"line":11,"column":106}},"line":11},"4":{"name":"(anonymous_4)","decl":{"start":{"line":17,"column":15},"end":{"line":17,"column":16}},"loc":{"start":{"line":17,"column":23},"end":{"line":17,"column":42}},"line":17}},"branchMap":{},"s":{"0":0,"1":0,"2":0,"3":0,"4":0,"5":0,"6":0},"f":{"0":0,"1":0,"2":0,"3":0,"4":0},"b":{},"meta":{"lastBranch":0,"lastFunction":5,"lastStatement":7,"seen":{"f:1:16:1:21":0,"s:2:15:20:4":0,"f:3:39:3:40":1,"s:3:47:3:80":1,"f:6:13:6:14":2,"s:6:21:6:62":2,"f:11:13:11:14":3,"s:11:21:11:106":3,"f:17:15:17:16":4,"s:17:23:17:42":4,"s:21:2:21:Infinity":5,"s:22:2:22:Infinity":6},"fnNames":{}}}
,"/Users/jlin/WebstormProjects/autodms/core/sources/T5/COMPOTECHASIA.mjs": {"path":"/Users/jlin/WebstormProjects/autodms/core/sources/T5/COMPOTECHASIA.mjs","statementMap":{"0":{"start":{"line":2,"column":15},"end":{"line":25,"column":4}},"1":{"start":{"line":5,"column":21},"end":{"line":5,"column":71}},"2":{"start":{"line":10,"column":21},"end":{"line":10,"column":47}},"3":{"start":{"line":16,"column":23},"end":{"line":16,"column":42}},"4":{"start":{"line":22,"column":23},"end":{"line":22,"column":35}},"5":{"start":{"line":26,"column":2},"end":{"line":26,"column":null}},"6":{"start":{"line":27,"column":2},"end":{"line":27,"column":null}}},"fnMap":{"0":{"name":"COMPOTECHASIA","decl":{"start":{"line":1,"column":16},"end":{"line":1,"column":29}},"loc":{"start":{"line":1,"column":33},"end":{"line":28,"column":null}},"line":1},"1":{"name":"(anonymous_1)","decl":{"start":{"line":5,"column":13},"end":{"line":5,"column":14}},"loc":{"start":{"line":5,"column":21},"end":{"line":5,"column":71}},"line":5},"2":{"name":"(anonymous_2)","decl":{"start":{"line":10,"column":13},"end":{"line":10,"column":14}},"loc":{"start":{"line":10,"column":21},"end":{"line":10,"column":47}},"line":10},"3":{"name":"(anonymous_3)","decl":{"start":{"line":16,"column":15},"end":{"line":16,"column":16}},"loc":{"start":{"line":16,"column":23},"end":{"line":16,"column":42}},"line":16},"4":{"name":"(anonymous_4)","decl":{"start":{"line":22,"column":15},"end":{"line":22,"column":16}},"loc":{"start":{"line":22,"column":23},"end":{"line":22,"column":35}},"line":22}},"branchMap":{},"s":{"0":2,"1":2,"2":2,"3":2,"4":50,"5":2,"6":2},"f":{"0":2,"1":2,"2":2,"3":2,"4":50},"b":{},"meta":{"lastBranch":0,"lastFunction":5,"lastStatement":7,"seen":{"f:1:16:1:29":0,"s:2:15:25:4":0,"f:5:13:5:14":1,"s:5:21:5:71":1,"f:10:13:10:14":2,"s:10:21:10:47":2,"f:16:15:16:16":3,"s:16:23:16:42":3,"f:22:15:22:16":4,"s:22:23:22:35":4,"s:26:2:26:Infinity":5,"s:27:2:27:Infinity":6},"fnNames":{}}}
,"/Users/jlin/WebstormProjects/autodms/core/sources/T5/COOL3C.mjs": {"path":"/Users/jlin/WebstormProjects/autodms/core/sources/T5/COOL3C.mjs","statementMap":{"0":{"start":{"line":2,"column":13},"end":{"line":2,"column":15}},"1":{"start":{"line":3,"column":2},"end":{"line":6,"column":null}},"2":{"start":{"line":7,"column":2},"end":{"line":12,"column":null}},"3":{"start":{"line":13,"column":2},"end":{"line":13,"column":null}},"4":{"start":{"line":15,"column":2},"end":{"line":15,"column":null}},"5":{"start":{"line":16,"column":2},"end":{"line":23,"column":null}},"6":{"start":{"line":17,"column":17},"end":{"line":17,"column":38}},"7":{"start":{"line":18,"column":4},"end":{"line":22,"column":null}},"8":{"start":{"line":19,"column":6},"end":{"line":19,"column":null}},"9":{"start":{"line":21,"column":6},"end":{"line":21,"column":null}},"10":{"start":{"line":24,"column":2},"end":{"line":24,"column":null}},"11":{"start":{"line":25,"column":2},"end":{"line":25,"column":null}}},"fnMap":{"0":{"name":"COOL3C","decl":{"start":{"line":1,"column":16},"end":{"line":1,"column":22}},"loc":{"start":{"line":1,"column":26},"end":{"line":26,"column":null}},"line":1},"1":{"name":"(anonymous_1)","decl":{"start":{"line":16,"column":34},"end":{"line":16,"column":42}},"loc":{"start":{"line":16,"column":46},"end":{"line":23,"column":3}},"line":16}},"branchMap":{"0":{"loc":{"start":{"line":18,"column":4},"end":{"line":22,"column":null}},"type":"if","locations":[{"start":{"line":18,"column":4},"end":{"line":22,"column":null}},{"start":{"line":20,"column":11},"end":{"line":22,"column":null}}],"line":18},"1":{"loc":{"start":{"line":18,"column":8},"end":{"line":18,"column":55}},"type":"binary-expr","locations":[{"start":{"line":18,"column":8},"end":{"line":18,"column":31}},{"start":{"line":18,"column":35},"end":{"line":18,"column":55}}],"line":18}},"s":{"0":2,"1":2,"2":2,"3":2,"4":2,"5":2,"6":8,"7":8,"8":1,"9":7,"10":2,"11":2},"f":{"0":2,"1":8},"b":{"0":[1,7],"1":[8,8]},"meta":{"lastBranch":2,"lastFunction":2,"lastStatement":12,"seen":{"f:1:16:1:22":0,"s:2:13:2:15":0,"s:3:2:6:Infinity":1,"s:7:2:12:Infinity":2,"s:13:2:13:Infinity":3,"s:15:2:15:Infinity":4,"s:16:2:23:Infinity":5,"f:16:34:16:42":1,"s:17:17:17:38":6,"b:18:4:22:Infinity:20:11:22:Infinity":0,"s:18:4:22:Infinity":7,"b:18:8:18:31:18:35:18:55":1,"s:19:6:19:Infinity":8,"s:21:6:21:Infinity":9,"s:24:2:24:Infinity":10,"s:25:2:25:Infinity":11},"fnNames":{}}}
,"/Users/jlin/WebstormProjects/autodms/core/sources/T5/CTIMES.mjs": {"path":"/Users/jlin/WebstormProjects/autodms/core/sources/T5/CTIMES.mjs","statementMap":{"0":{"start":{"line":2,"column":15},"end":{"line":22,"column":4}},"1":{"start":{"line":7,"column":8},"end":{"line":13,"column":62}},"2":{"start":{"line":19,"column":23},"end":{"line":19,"column":42}},"3":{"start":{"line":23,"column":2},"end":{"line":23,"column":null}},"4":{"start":{"line":24,"column":2},"end":{"line":24,"column":null}}},"fnMap":{"0":{"name":"CTIMES","decl":{"start":{"line":1,"column":16},"end":{"line":1,"column":22}},"loc":{"start":{"line":1,"column":26},"end":{"line":25,"column":null}},"line":1},"1":{"name":"(anonymous_1)","decl":{"start":{"line":6,"column":13},"end":{"line":6,"column":14}},"loc":{"start":{"line":7,"column":8},"end":{"line":13,"column":62}},"line":7},"2":{"name":"(anonymous_2)","decl":{"start":{"line":19,"column":15},"end":{"line":19,"column":16}},"loc":{"start":{"line":19,"column":23},"end":{"line":19,"column":42}},"line":19}},"branchMap":{},"s":{"0":0,"1":0,"2":0,"3":0,"4":0},"f":{"0":0,"1":0,"2":0},"b":{},"meta":{"lastBranch":0,"lastFunction":3,"lastStatement":5,"seen":{"f:1:16:1:22":0,"s:2:15:22:4":0,"f:6:13:6:14":1,"s:7:8:13:62":1,"f:19:15:19:16":2,"s:19:23:19:42":2,"s:23:2:23:Infinity":3,"s:24:2:24:Infinity":4},"fnNames":{}}}
[...]
,"/Users/jlin/WebstormProjects/autodms/core/sources/T5/SAYDIGI.mjs": {"path":"/Users/jlin/WebstormProjects/autodms/core/sources/T5/SAYDIGI.mjs","statementMap":{"0":{"start":{"line":2,"column":15},"end":{"line":20,"column":4}},"1":{"start":{"line":3,"column":47},"end":{"line":3,"column":66}},"2":{"start":{"line":6,"column":21},"end":{"line":6,"column":56}},"3":{"start":{"line":11,"column":21},"end":{"line":11,"column":42}},"4":{"start":{"line":17,"column":23},"end":{"line":17,"column":42}},"5":{"start":{"line":21,"column":2},"end":{"line":21,"column":null}},"6":{"start":{"line":22,"column":2},"end":{"line":22,"column":null}}},"fnMap":{"0":{"name":"SAYDIGI","decl":{"start":{"line":1,"column":16},"end":{"line":1,"column":23}},"loc":{"start":{"line":1,"column":27},"end":{"line":23,"column":null}},"line":1},"1":{"name":"(anonymous_1)","decl":{"start":{"line":3,"column":39},"end":{"line":3,"column":40}},"loc":{"start":{"line":3,"column":47},"end":{"line":3,"column":66}},"line":3},"2":{"name":"(anonymous_2)","decl":{"start":{"line":6,"column":13},"end":{"line":6,"column":14}},"loc":{"start":{"line":6,"column":21},"end":{"line":6,"column":56}},"line":6},"3":{"name":"(anonymous_3)","decl":{"start":{"line":11,"column":13},"end":{"line":11,"column":14}},"loc":{"start":{"line":11,"column":21},"end":{"line":11,"column":42}},"line":11},"4":{"name":"(anonymous_4)","decl":{"start":{"line":17,"column":15},"end":{"line":17,"column":16}},"loc":{"start":{"line":17,"column":23},"end":{"line":17,"column":42}},"line":17}},"branchMap":{},"s":{"0":1,"1":1,"2":1,"3":1,"4":6,"5":1,"6":1},"f":{"0":1,"1":1,"2":1,"3":1,"4":6},"b":{},"meta":{"lastBranch":0,"lastFunction":5,"lastStatement":7,"seen":{"f:1:16:1:23":0,"s:2:15:20:4":0,"f:3:39:3:40":1,"s:3:47:3:66":1,"f:6:13:6:14":2,"s:6:21:6:56":2,"f:11:13:11:14":3,"s:11:21:11:42":3,"f:17:15:17:16":4,"s:17:23:17:42":4,"s:21:2:21:Infinity":5,"s:22:2:22:Infinity":6},"fnNames":{}}}
,"/Users/jlin/WebstormProjects/autodms/core/sources/T5/SOGI.mjs": {"path":"/Users/jlin/WebstormProjects/autodms/core/sources/T5/SOGI.mjs","statementMap":{"0":{"start":{"line":2,"column":15},"end":{"line":26,"column":4}},"1":{"start":{"line":7,"column":26},"end":{"line":10,"column":33}},"2":{"start":{"line":11,"column":8},"end":{"line":17,"column":null}},"3":{"start":{"line":12,"column":22},"end":{"line":12,"column":54}},"4":{"start":{"line":13,"column":15},"end":{"line":17,"column":null}},"5":{"start":{"line":14,"column":22},"end":{"line":14,"column":52}},"6":{"start":{"line":16,"column":22},"end":{"line":16,"column":26}},"7":{"start":{"line":18,"column":8},"end":{"line":23,"column":null}},"8":{"start":{"line":19,"column":23},"end":{"line":19,"column":31}},"9":{"start":{"line":20,"column":10},"end":{"line":20,"column":31}},"10":{"start":{"line":22,"column":10},"end":{"line":22,"column":null}},"11":{"start":{"line":28,"column":2},"end":{"line":33,"column":null}},"12":{"start":{"line":35,"column":2},"end":{"line":39,"column":null}},"13":{"start":{"line":38,"column":19},"end":{"line":38,"column":30}},"14":{"start":{"line":39,"column":22},"end":{"line":39,"column":37}},"15":{"start":{"line":41,"column":2},"end":{"line":41,"column":null}},"16":{"start":{"line":43,"column":2},"end":{"line":43,"column":null}}},"fnMap":{"0":{"name":"SOGI","decl":{"start":{"line":1,"column":16},"end":{"line":1,"column":20}},"loc":{"start":{"line":1,"column":24},"end":{"line":44,"column":null}},"line":1},"1":{"name":"value","decl":{"start":{"line":6,"column":6},"end":{"line":6,"column":11}},"loc":{"start":{"line":6,"column":32},"end":{"line":24,"column":7}},"line":6},"2":{"name":"(anonymous_2)","decl":{"start":{"line":38,"column":9},"end":{"line":38,"column":10}},"loc":{"start":{"line":38,"column":19},"end":{"line":38,"column":30}},"line":38},"3":{"name":"(anonymous_3)","decl":{"start":{"line":39,"column":12},"end":{"line":39,"column":13}},"loc":{"start":{"line":39,"column":22},"end":{"line":39,"column":37}},"line":39}},"branchMap":{"0":{"loc":{"start":{"line":11,"column":8},"end":{"line":17,"column":null}},"type":"if","locations":[{"start":{"line":11,"column":8},"end":{"line":17,"column":null}},{"start":{"line":13,"column":15},"end":{"line":17,"column":null}}],"line":11},"1":{"loc":{"start":{"line":13,"column":15},"end":{"line":17,"column":null}},"type":"if","locations":[{"start":{"line":13,"column":15},"end":{"line":17,"column":null}},{"start":{"line":15,"column":15},"end":{"line":17,"column":null}}],"line":13},"2":{"loc":{"start":{"line":18,"column":8},"end":{"line":23,"column":null}},"type":"if","locations":[{"start":{"line":18,"column":8},"end":{"line":23,"column":null}},{"start":{"line":21,"column":15},"end":{"line":23,"column":null}}],"line":18}},"s":{"0":0,"1":0,"2":0,"3":0,"4":0,"5":0,"6":0,"7":0,"8":0,"9":0,"10":0,"11":0,"12":0,"13":0,"14":0,"15":0,"16":0},"f":{"0":0,"1":0,"2":0,"3":0},"b":{"0":[0,0],"1":[0,0],"2":[0,0]},"meta":{"lastBranch":3,"lastFunction":4,"lastStatement":17,"seen":{"f:1:16:1:20":0,"s:2:15:26:4":0,"f:6:6:6:11":1,"s:7:26:10:33":1,"b:11:8:17:Infinity:13:15:17:Infinity":0,"s:11:8:17:Infinity":2,"s:12:22:12:54":3,"b:13:15:17:Infinity:15:15:17:Infinity":1,"s:13:15:17:Infinity":4,"s:14:22:14:52":5,"s:16:22:16:26":6,"b:18:8:23:Infinity:21:15:23:Infinity":2,"s:18:8:23:Infinity":7,"s:19:23:19:31":8,"s:20:10:20:31":9,"s:22:10:22:Infinity":10,"s:28:2:33:Infinity":11,"s:35:2:39:Infinity":12,"f:38:9:38:10":2,"s:38:19:38:30":13,"f:39:12:39:13":3,"s:39:22:39:37":14,"s:41:2:41:Infinity":15,"s:43:2:43:Infinity":16},"fnNames":{}}}
,"/Users/jlin/WebstormProjects/autodms/core/sources/T5/TECHBANG.mjs": {"path":"/Users/jlin/WebstormProjects/autodms/core/sources/T5/TECHBANG.mjs","statementMap":{"0":{"start":{"line":2,"column":15},"end":{"line":16,"column":4}},"1":{"start":{"line":3,"column":47},"end":{"line":3,"column":66}},"2":{"start":{"line":6,"column":21},"end":{"line":6,"column":56}},"3":{"start":{"line":13,"column":23},"end":{"line":13,"column":42}},"4":{"start":{"line":17,"column":2},"end":{"line":17,"column":null}},"5":{"start":{"line":18,"column":2},"end":{"line":18,"column":null}}},"fnMap":{"0":{"name":"TECHBANG","decl":{"start":{"line":1,"column":16},"end":{"line":1,"column":24}},"loc":{"start":{"line":1,"column":28},"end":{"line":19,"column":null}},"line":1},"1":{"name":"(anonymous_1)","decl":{"start":{"line":3,"column":39},"end":{"line":3,"column":40}},"loc":{"start":{"line":3,"column":47},"end":{"line":3,"column":66}},"line":3},"2":{"name":"(anonymous_2)","decl":{"start":{"line":6,"column":13},"end":{"line":6,"column":14}},"loc":{"start":{"line":6,"column":21},"end":{"line":6,"column":56}},"line":6},"3":{"name":"(anonymous_3)","decl":{"start":{"line":13,"column":15},"end":{"line":13,"column":16}},"loc":{"start":{"line":13,"column":23},"end":{"line":13,"column":42}},"line":13}},"branchMap":{},"s":{"0":0,"1":0,"2":0,"3":0,"4":0,"5":0},"f":{"0":0,"1":0,"2":0,"3":0},"b":{},"meta":{"lastBranch":0,"lastFunction":4,"lastStatement":6,"seen":{"f:1:16:1:24":0,"s:2:15:16:4":0,"f:3:39:3:40":1,"s:3:47:3:66":1,"f:6:13:6:14":2,"s:6:21:6:56":2,"f:13:15:13:16":3,"s:13:23:13:42":3,"s:17:2:17:Infinity":4,"s:18:2:18:Infinity":5},"fnNames":{}}}
,"/Users/jlin/WebstormProjects/autodms/core/sources/T5/TECHNEWS.mjs": {"path":"/Users/jlin/WebstormProjects/autodms/core/sources/T5/TECHNEWS.mjs","statementMap":{"0":{"start":{"line":2,"column":13},"end":{"line":2,"column":15}},"1":{"start":{"line":3,"column":2},"end":{"line":3,"column":null}},"2":{"start":{"line":4,"column":2},"end":{"line":4,"column":null}},"3":{"start":{"line":5,"column":18},"end":{"line":7,"column":43}},"4":{"start":{"line":8,"column":2},"end":{"line":8,"column":null}},"5":{"start":{"line":9,"column":2},"end":{"line":9,"column":null}},"6":{"start":{"line":10,"column":2},"end":{"line":10,"column":null}},"7":{"start":{"line":12,"column":2},"end":{"line":14,"column":null}},"8":{"start":{"line":13,"column":4},"end":{"line":13,"column":null}},"9":{"start":{"line":16,"column":2},"end":{"line":16,"column":null}}},"fnMap":{"0":{"name":"TECHNEWS","decl":{"start":{"line":1,"column":16},"end":{"line":1,"column":24}},"loc":{"start":{"line":1,"column":28},"end":{"line":17,"column":null}},"line":1},"1":{"name":"(anonymous_1)","decl":{"start":{"line":12,"column":25},"end":{"line":12,"column":26}},"loc":{"start":{"line":12,"column":41},"end":{"line":14,"column":3}},"line":12}},"branchMap":{},"s":{"0":1,"1":1,"2":1,"3":1,"4":1,"5":1,"6":1,"7":1,"8":8,"9":1},"f":{"0":1,"1":8},"b":{},"meta":{"lastBranch":0,"lastFunction":2,"lastStatement":10,"seen":{"f:1:16:1:24":0,"s:2:13:2:15":0,"s:3:2:3:Infinity":1,"s:4:2:4:Infinity":2,"s:5:18:7:43":3,"s:8:2:8:Infinity":4,"s:9:2:9:Infinity":5,"s:10:2:10:Infinity":6,"s:12:2:14:Infinity":7,"f:12:25:12:26":1,"s:13:4:13:Infinity":8,"s:16:2:16:Infinity":9},"fnNames":{}}}
,"/Users/jlin/WebstormProjects/autodms/core/sources/T5/TECHORANGE.mjs": {"path":"/Users/jlin/WebstormProjects/autodms/core/sources/T5/TECHORANGE.mjs","statementMap":{"0":{"start":{"line":2,"column":15},"end":{"line":21,"column":4}},"1":{"start":{"line":3,"column":47},"end":{"line":3,"column":66}},"2":{"start":{"line":7,"column":21},"end":{"line":7,"column":56}},"3":{"start":{"line":12,"column":21},"end":{"line":12,"column":42}},"4":{"start":{"line":18,"column":23},"end":{"line":18,"column":42}},"5":{"start":{"line":22,"column":2},"end":{"line":22,"column":null}},"6":{"start":{"line":23,"column":2},"end":{"line":23,"column":null}}},"fnMap":{"0":{"name":"TECHORANGE","decl":{"start":{"line":1,"column":16},"end":{"line":1,"column":26}},"loc":{"start":{"line":1,"column":30},"end":{"line":24,"column":null}},"line":1},"1":{"name":"(anonymous_1)","decl":{"start":{"line":3,"column":39},"end":{"line":3,"column":40}},"loc":{"start":{"line":3,"column":47},"end":{"line":3,"column":66}},"line":3},"2":{"name":"(anonymous_2)","decl":{"start":{"line":7,"column":13},"end":{"line":7,"column":14}},"loc":{"start":{"line":7,"column":21},"end":{"line":7,"column":56}},"line":7},"3":{"name":"(anonymous_3)","decl":{"start":{"line":12,"column":13},"end":{"line":12,"column":14}},"loc":{"start":{"line":12,"column":21},"end":{"line":12,"column":42}},"line":12},"4":{"name":"(anonymous_4)","decl":{"start":{"line":18,"column":15},"end":{"line":18,"column":16}},"loc":{"start":{"line":18,"column":23},"end":{"line":18,"column":42}},"line":18}},"branchMap":{},"s":{"0":1,"1":1,"2":1,"3":1,"4":9,"5":1,"6":1},"f":{"0":1,"1":1,"2":1,"3":1,"4":9},"b":{},"meta":{"lastBranch":0,"lastFunction":5,"lastStatement":7,"seen":{"f:1:16:1:26":0,"s:2:15:21:4":0,"f:3:39:3:40":1,"s:3:47:3:66":1,"f:7:13:7:14":2,"s:7:21:7:56":2,"f:12:13:12:14":3,"s:12:21:12:42":3,"f:18:15:18:16":4,"s:18:23:18:42":4,"s:22:2:22:Infinity":5,"s:23:2:23:Infinity":6},"fnNames":{}}}
,"/Users/jlin/WebstormProjects/autodms/core/sources/T5/XF.mjs": {"path":"/Users/jlin/WebstormProjects/autodms/core/sources/T5/XF.mjs","statementMap":{"0":{"start":{"line":3,"column":13},"end":{"line":19,"column":4}},"1":{"start":{"line":8,"column":8},"end":{"line":17,"column":25}},"2":{"start":{"line":13,"column":34},"end":{"line":13,"column":56}},"3":{"start":{"line":14,"column":32},"end":{"line":14,"column":52}},"4":{"start":{"line":15,"column":14},"end":{"line":15,"column":null}},"5":{"start":{"line":21,"column":2},"end":{"line":21,"column":null}},"6":{"start":{"line":22,"column":2},"end":{"line":22,"column":null}},"7":{"start":{"line":23,"column":2},"end":{"line":29,"column":null}},"8":{"start":{"line":24,"column":18},"end":{"line":27,"column":33}},"9":{"start":{"line":27,"column":21},"end":{"line":27,"column":32}},"10":{"start":{"line":28,"column":4},"end":{"line":28,"column":null}},"11":{"start":{"line":30,"column":2},"end":{"line":30,"column":null}}},"fnMap":{"0":{"name":"XF","decl":{"start":{"line":2,"column":16},"end":{"line":2,"column":18}},"loc":{"start":{"line":2,"column":22},"end":{"line":31,"column":null}},"line":2},"1":{"name":"(anonymous_1)","decl":{"start":{"line":7,"column":13},"end":{"line":7,"column":14}},"loc":{"start":{"line":8,"column":8},"end":{"line":17,"column":25}},"line":8},"2":{"name":"(anonymous_2)","decl":{"start":{"line":12,"column":12},"end":{"line":12,"column":13}},"loc":{"start":{"line":12,"column":41},"end":{"line":16,"column":null}},"line":12},"3":{"name":"(anonymous_3)","decl":{"start":{"line":23,"column":27},"end":{"line":23,"column":28}},"loc":{"start":{"line":23,"column":47},"end":{"line":29,"column":3}},"line":23},"4":{"name":"(anonymous_4)","decl":{"start":{"line":27,"column":11},"end":{"line":27,"column":12}},"loc":{"start":{"line":27,"column":21},"end":{"line":27,"column":32}},"line":27}},"branchMap":{"0":{"loc":{"start":{"line":8,"column":8},"end":{"line":17,"column":25}},"type":"cond-expr","locations":[{"start":{"line":8,"column":40},"end":{"line":8,"column":102}},{"start":{"line":9,"column":10},"end":{"line":17,"column":25}}],"line":8}},"s":{"0":2,"1":2,"2":2,"3":2,"4":2,"5":2,"6":2,"7":2,"8":3,"9":140,"10":3,"11":2},"f":{"0":2,"1":2,"2":2,"3":3,"4":140},"b":{"0":[0,2]},"meta":{"lastBranch":1,"lastFunction":5,"lastStatement":12,"seen":{"f:2:16:2:18":0,"s:3:13:19:4":0,"f:7:13:7:14":1,"s:8:8:17:25":1,"b:8:40:8:102:9:10:17:25":0,"f:12:12:12:13":2,"s:13:34:13:56":2,"s:14:32:14:52":3,"s:15:14:15:Infinity":4,"s:21:2:21:Infinity":5,"s:22:2:22:Infinity":6,"s:23:2:29:Infinity":7,"f:23:27:23:28":3,"s:24:18:27:33":8,"f:27:11:27:12":4,"s:27:21:27:32":9,"s:28:4:28:Infinity":10,"s:30:2:30:Infinity":11},"fnNames":{}}}
,"/Users/jlin/WebstormProjects/autodms/core/sources/T6/INVESTOR.mjs": {"path":"/Users/jlin/WebstormProjects/autodms/core/sources/T6/INVESTOR.mjs","statementMap":{"0":{"start":{"line":2,"column":15},"end":{"line":24,"column":4}},"1":{"start":{"line":6,"column":21},"end":{"line":6,"column":67}},"2":{"start":{"line":12,"column":26},"end":{"line":12,"column":53}},"3":{"start":{"line":13,"column":12},"end":{"line":13,"column":null}},"4":{"start":{"line":16,"column":8},"end":{"line":16,"column":null}},"5":{"start":{"line":25,"column":2},"end":{"line":25,"column":null}},"6":{"start":{"line":26,"column":2},"end":{"line":26,"column":null}}},"fnMap":{"0":{"name":"INVESTOR","decl":{"start":{"line":1,"column":16},"end":{"line":1,"column":24}},"loc":{"start":{"line":1,"column":28},"end":{"line":27,"column":null}},"line":1},"1":{"name":"(anonymous_1)","decl":{"start":{"line":6,"column":13},"end":{"line":6,"column":14}},"loc":{"start":{"line":6,"column":21},"end":{"line":6,"column":67}},"line":6},"2":{"name":"(anonymous_2)","decl":{"start":{"line":10,"column":13},"end":{"line":10,"column":14}},"loc":{"start":{"line":10,"column":21},"end":{"line":17,"column":7}},"line":10},"3":{"name":"extractAuthor","decl":{"start":{"line":11,"column":17},"end":{"line":11,"column":30}},"loc":{"start":{"line":11,"column":37},"end":{"line":14,"column":null}},"line":11}},"branchMap":{"0":{"loc":{"start":{"line":13,"column":19},"end":{"line":13,"column":42}},"type":"cond-expr","locations":[{"start":{"line":13,"column":27},"end":{"line":13,"column":35}},{"start":{"line":13,"column":38},"end":{"line":13,"column":42}}],"line":13}},"s":{"0":1,"1":1,"2":1,"3":1,"4":1,"5":1,"6":1},"f":{"0":1,"1":1,"2":1,"3":1},"b":{"0":[1,0]},"meta":{"lastBranch":1,"lastFunction":4,"lastStatement":7,"seen":{"f:1:16:1:24":0,"s:2:15:24:4":0,"f:6:13:6:14":1,"s:6:21:6:67":1,"f:10:13:10:14":2,"f:11:17:11:30":3,"s:12:26:12:53":2,"s:13:12:13:Infinity":3,"b:13:27:13:35:13:38:13:42":0,"s:16:8:16:Infinity":4,"s:25:2:25:Infinity":5,"s:26:2:26:Infinity":6},"fnNames":{}}}
,"/Users/jlin/WebstormProjects/autodms/core/sources/T6/MONEYDJ.mjs": {"path":"/Users/jlin/WebstormProjects/autodms/core/sources/T6/MONEYDJ.mjs","statementMap":{"0":{"start":{"line":2,"column":15},"end":{"line":21,"column":4}},"1":{"start":{"line":5,"column":21},"end":{"line":5,"column":69}},"2":{"start":{"line":9,"column":21},"end":{"line":9,"column":57}},"3":{"start":{"line":14,"column":8},"end":{"line":14,"column":74}},"4":{"start":{"line":22,"column":2},"end":{"line":22,"column":null}},"5":{"start":{"line":23,"column":2},"end":{"line":23,"column":null}}},"fnMap":{"0":{"name":"MONEYDJ","decl":{"start":{"line":1,"column":16},"end":{"line":1,"column":23}},"loc":{"start":{"line":1,"column":27},"end":{"line":24,"column":null}},"line":1},"1":{"name":"(anonymous_1)","decl":{"start":{"line":5,"column":13},"end":{"line":5,"column":14}},"loc":{"start":{"line":5,"column":21},"end":{"line":5,"column":69}},"line":5},"2":{"name":"(anonymous_2)","decl":{"start":{"line":9,"column":13},"end":{"line":9,"column":14}},"loc":{"start":{"line":9,"column":21},"end":{"line":9,"column":57}},"line":9},"3":{"name":"(anonymous_3)","decl":{"start":{"line":13,"column":13},"end":{"line":13,"column":14}},"loc":{"start":{"line":14,"column":8},"end":{"line":14,"column":74}},"line":14}},"branchMap":{},"s":{"0":0,"1":0,"2":0,"3":0,"4":0,"5":0},"f":{"0":0,"1":0,"2":0,"3":0},"b":{},"meta":{"lastBranch":0,"lastFunction":4,"lastStatement":6,"seen":{"f:1:16:1:23":0,"s:2:15:21:4":0,"f:5:13:5:14":1,"s:5:21:5:69":1,"f:9:13:9:14":2,"s:9:21:9:57":2,"f:13:13:13:14":3,"s:14:8:14:74":3,"s:22:2:22:Infinity":4,"s:23:2:23:Infinity":5},"fnNames":{}}}
,"/Users/jlin/WebstormProjects/autodms/core/sources/T6/WEALTH.mjs": {"path":"/Users/jlin/WebstormProjects/autodms/core/sources/T6/WEALTH.mjs","statementMap":{"0":{"start":{"line":2,"column":15},"end":{"line":14,"column":4}},"1":{"start":{"line":6,"column":21},"end":{"line":6,"column":67}},"2":{"start":{"line":15,"column":2},"end":{"line":15,"column":null}},"3":{"start":{"line":17,"column":2},"end":{"line":17,"column":null}}},"fnMap":{"0":{"name":"WEALTH","decl":{"start":{"line":1,"column":16},"end":{"line":1,"column":22}},"loc":{"start":{"line":1,"column":26},"end":{"line":18,"column":null}},"line":1},"1":{"name":"(anonymous_1)","decl":{"start":{"line":6,"column":13},"end":{"line":6,"column":14}},"loc":{"start":{"line":6,"column":21},"end":{"line":6,"column":67}},"line":6}},"branchMap":{},"s":{"0":1,"1":1,"2":1,"3":1},"f":{"0":1,"1":1},"b":{},"meta":{"lastBranch":0,"lastFunction":2,"lastStatement":4,"seen":{"f:1:16:1:22":0,"s:2:15:14:4":0,"f:6:13:6:14":1,"s:6:21:6:67":1,"s:15:2:15:Infinity":2,"s:17:2:17:Infinity":3},"fnNames":{}}}
,"/Users/jlin/WebstormProjects/autodms/core/tests/articleSchema.ts": {"path":"/Users/jlin/WebstormProjects/autodms/core/tests/articleSchema.ts","statementMap":{"0":{"start":{"line":3,"column":29},"end":{"line":9,"column":null}}},"fnMap":{},"branchMap":{},"s":{"0":2},"f":{},"b":{},"meta":{"lastBranch":0,"lastFunction":0,"lastStatement":1,"seen":{"s:3:29:9:Infinity":0},"fnNames":{}}}
}
